0 verbose cli /usr/bin/node /usr/bin/npm
1 info using npm@10.9.2
2 info using node@v22.15.0
3 silly config load:file:/usr/lib/node_modules/npm/npmrc
4 silly config load:file:/app/workspace/.npmrc
5 silly config load:file:/usr/etc/npmrc
6 verbose title npm install
7 verbose argv "install"
8 verbose logfile logs-max:10 dir:/app/workspace/.npm/_logs/2025-05-12T09_42_00_408Z-
9 verbose logfile /app/workspace/.npm/_logs/2025-05-12T09_42_00_408Z-debug-0.log
10 silly logfile done cleaning log files
11 silly packumentCache heap:1098907648 maxSize:274726912 maxEntrySize:137363456
12 silly idealTree buildDeps
13 silly reify moves {}
14 verbose reify failed optional dependency /app/workspace/node_modules/@tailwindcss/oxide-wasm32-wasi
15 silly reify mark deleted [ '/app/workspace/node_modules/@tailwindcss/oxide-wasm32-wasi' ]
16 silly audit bulk request {
16 silly audit   '@alloc/quick-lru': [ '5.2.0' ],
16 silly audit   '@ampproject/remapping': [ '2.3.0' ],
16 silly audit   '@emnapi/runtime': [ '1.4.3' ],
16 silly audit   '@img/sharp-darwin-arm64': [ '0.34.1' ],
16 silly audit   '@img/sharp-darwin-x64': [ '0.34.1' ],
16 silly audit   '@img/sharp-libvips-darwin-arm64': [ '1.1.0' ],
16 silly audit   '@img/sharp-libvips-darwin-x64': [ '1.1.0' ],
16 silly audit   '@img/sharp-libvips-linux-arm': [ '1.1.0' ],
16 silly audit   '@img/sharp-libvips-linux-arm64': [ '1.1.0' ],
16 silly audit   '@img/sharp-libvips-linux-ppc64': [ '1.1.0' ],
16 silly audit   '@img/sharp-libvips-linux-s390x': [ '1.1.0' ],
16 silly audit   '@img/sharp-libvips-linux-x64': [ '1.1.0' ],
16 silly audit   '@img/sharp-libvips-linuxmusl-arm64': [ '1.1.0' ],
16 silly audit   '@img/sharp-libvips-linuxmusl-x64': [ '1.1.0' ],
16 silly audit   '@img/sharp-linux-arm': [ '0.34.1' ],
16 silly audit   '@img/sharp-linux-arm64': [ '0.34.1' ],
16 silly audit   '@img/sharp-linux-s390x': [ '0.34.1' ],
16 silly audit   '@img/sharp-linux-x64': [ '0.34.1' ],
16 silly audit   '@img/sharp-linuxmusl-arm64': [ '0.34.1' ],
16 silly audit   '@img/sharp-linuxmusl-x64': [ '0.34.1' ],
16 silly audit   '@img/sharp-wasm32': [ '0.34.1' ],
16 silly audit   '@img/sharp-win32-ia32': [ '0.34.1' ],
16 silly audit   '@img/sharp-win32-x64': [ '0.34.1' ],
16 silly audit   '@isaacs/fs-minipass': [ '4.0.1' ],
16 silly audit   '@jridgewell/gen-mapping': [ '0.3.8' ],
16 silly audit   '@jridgewell/resolve-uri': [ '3.1.2' ],
16 silly audit   '@jridgewell/set-array': [ '1.2.1' ],
16 silly audit   '@jridgewell/sourcemap-codec': [ '1.5.0' ],
16 silly audit   '@jridgewell/trace-mapping': [ '0.3.25' ],
16 silly audit   '@next/env': [ '15.3.2' ],
16 silly audit   '@next/swc-darwin-arm64': [ '15.3.2' ],
16 silly audit   '@next/swc-darwin-x64': [ '15.3.2' ],
16 silly audit   '@next/swc-linux-arm64-gnu': [ '15.3.2' ],
16 silly audit   '@next/swc-linux-arm64-musl': [ '15.3.2' ],
16 silly audit   '@next/swc-linux-x64-gnu': [ '15.3.2' ],
16 silly audit   '@next/swc-linux-x64-musl': [ '15.3.2' ],
16 silly audit   '@next/swc-win32-arm64-msvc': [ '15.3.2' ],
16 silly audit   '@next/swc-win32-x64-msvc': [ '15.3.2' ],
16 silly audit   '@swc/counter': [ '0.1.3' ],
16 silly audit   '@swc/helpers': [ '0.5.15' ],
16 silly audit   '@tailwindcss/node': [ '4.1.6' ],
16 silly audit   '@tailwindcss/oxide': [ '4.1.6' ],
16 silly audit   '@tailwindcss/oxide-android-arm64': [ '4.1.6' ],
16 silly audit   '@tailwindcss/oxide-darwin-arm64': [ '4.1.6' ],
16 silly audit   '@tailwindcss/oxide-darwin-x64': [ '4.1.6' ],
16 silly audit   '@tailwindcss/oxide-freebsd-x64': [ '4.1.6' ],
16 silly audit   '@tailwindcss/oxide-linux-arm-gnueabihf': [ '4.1.6' ],
16 silly audit   '@tailwindcss/oxide-linux-arm64-gnu': [ '4.1.6' ],
16 silly audit   '@tailwindcss/oxide-linux-arm64-musl': [ '4.1.6' ],
16 silly audit   '@tailwindcss/oxide-linux-x64-gnu': [ '4.1.6' ],
16 silly audit   '@tailwindcss/oxide-linux-x64-musl': [ '4.1.6' ],
16 silly audit   '@tailwindcss/oxide-win32-arm64-msvc': [ '4.1.6' ],
16 silly audit   '@tailwindcss/oxide-win32-x64-msvc': [ '4.1.6' ],
16 silly audit   '@tailwindcss/postcss': [ '4.1.6' ],
16 silly audit   '@types/node': [ '20.17.46' ],
16 silly audit   '@types/react': [ '19.1.3' ],
16 silly audit   '@types/react-dom': [ '19.1.3' ],
16 silly audit   busboy: [ '1.6.0' ],
16 silly audit   'caniuse-lite': [ '1.0.30001717' ],
16 silly audit   chownr: [ '3.0.0' ],
16 silly audit   'client-only': [ '0.0.1' ],
16 silly audit   color: [ '4.2.3' ],
16 silly audit   'color-convert': [ '2.0.1' ],
16 silly audit   'color-name': [ '1.1.4' ],
16 silly audit   'color-string': [ '1.9.1' ],
16 silly audit   csstype: [ '3.1.3' ],
16 silly audit   'detect-libc': [ '2.0.4' ],
16 silly audit   'enhanced-resolve': [ '5.18.1' ],
16 silly audit   'graceful-fs': [ '4.2.11' ],
16 silly audit   'is-arrayish': [ '0.3.2' ],
16 silly audit   jiti: [ '2.4.2' ],
16 silly audit   lightningcss: [ '1.29.2' ],
16 silly audit   'lightningcss-darwin-arm64': [ '1.29.2' ],
16 silly audit   'lightningcss-darwin-x64': [ '1.29.2' ],
16 silly audit   'lightningcss-freebsd-x64': [ '1.29.2' ],
16 silly audit   'lightningcss-linux-arm-gnueabihf': [ '1.29.2' ],
16 silly audit   'lightningcss-linux-arm64-gnu': [ '1.29.2' ],
16 silly audit   'lightningcss-linux-arm64-musl': [ '1.29.2' ],
16 silly audit   'lightningcss-linux-x64-gnu': [ '1.29.2' ],
16 silly audit   'lightningcss-linux-x64-musl': [ '1.29.2' ],
16 silly audit   'lightningcss-win32-arm64-msvc': [ '1.29.2' ],
16 silly audit   'lightningcss-win32-x64-msvc': [ '1.29.2' ],
16 silly audit   'magic-string': [ '0.30.17' ],
16 silly audit   minipass: [ '7.1.2' ],
16 silly audit   minizlib: [ '3.0.2' ],
16 silly audit   mkdirp: [ '3.0.1' ],
16 silly audit   nanoid: [ '3.3.11' ],
16 silly audit   next: [ '15.3.2' ],
16 silly audit   postcss: [ '8.4.31', '8.5.3' ],
16 silly audit   picocolors: [ '1.1.1' ],
16 silly audit   react: [ '19.1.0' ],
16 silly audit   'react-dom': [ '19.1.0' ],
16 silly audit   scheduler: [ '0.26.0' ],
16 silly audit   semver: [ '7.7.1' ],
16 silly audit   sharp: [ '0.34.1' ],
16 silly audit   'simple-swizzle': [ '0.2.2' ],
16 silly audit   'source-map-js': [ '1.2.1' ],
16 silly audit   streamsearch: [ '1.1.0' ],
16 silly audit   'styled-jsx': [ '5.1.6' ],
16 silly audit   tailwindcss: [ '4.1.6' ],
16 silly audit   tapable: [ '2.2.1' ],
16 silly audit   tar: [ '7.4.3' ],
16 silly audit   tslib: [ '2.8.1' ],
16 silly audit   typescript: [ '5.8.3' ],
16 silly audit   'undici-types': [ '6.19.8' ],
16 silly audit   yallist: [ '5.0.0' ],
16 silly audit   '@tailwindcss/oxide-wasm32-wasi': [ '4.1.6' ]
16 silly audit }
17 verbose reify failed optional dependency /app/workspace/node_modules/lightningcss-win32-x64-msvc
18 silly reify mark deleted [ '/app/workspace/node_modules/lightningcss-win32-x64-msvc' ]
19 verbose reify failed optional dependency /app/workspace/node_modules/lightningcss-win32-arm64-msvc
20 silly reify mark deleted [ '/app/workspace/node_modules/lightningcss-win32-arm64-msvc' ]
21 verbose reify failed optional dependency /app/workspace/node_modules/lightningcss-linux-arm64-musl
22 silly reify mark deleted [ '/app/workspace/node_modules/lightningcss-linux-arm64-musl' ]
23 verbose reify failed optional dependency /app/workspace/node_modules/lightningcss-linux-arm64-gnu
24 silly reify mark deleted [ '/app/workspace/node_modules/lightningcss-linux-arm64-gnu' ]
25 verbose reify failed optional dependency /app/workspace/node_modules/lightningcss-linux-arm-gnueabihf
26 silly reify mark deleted [ '/app/workspace/node_modules/lightningcss-linux-arm-gnueabihf' ]
27 verbose reify failed optional dependency /app/workspace/node_modules/lightningcss-freebsd-x64
28 silly reify mark deleted [ '/app/workspace/node_modules/lightningcss-freebsd-x64' ]
29 verbose reify failed optional dependency /app/workspace/node_modules/lightningcss-darwin-x64
30 silly reify mark deleted [ '/app/workspace/node_modules/lightningcss-darwin-x64' ]
31 verbose reify failed optional dependency /app/workspace/node_modules/lightningcss-darwin-arm64
32 silly reify mark deleted [ '/app/workspace/node_modules/lightningcss-darwin-arm64' ]
33 verbose reify failed optional dependency /app/workspace/node_modules/@tailwindcss/oxide-win32-x64-msvc
34 silly reify mark deleted [ '/app/workspace/node_modules/@tailwindcss/oxide-win32-x64-msvc' ]
35 verbose reify failed optional dependency /app/workspace/node_modules/@tailwindcss/oxide-win32-arm64-msvc
36 silly reify mark deleted [ '/app/workspace/node_modules/@tailwindcss/oxide-win32-arm64-msvc' ]
37 verbose reify failed optional dependency /app/workspace/node_modules/@tailwindcss/oxide-linux-arm64-musl
38 silly reify mark deleted [ '/app/workspace/node_modules/@tailwindcss/oxide-linux-arm64-musl' ]
39 verbose reify failed optional dependency /app/workspace/node_modules/@tailwindcss/oxide-linux-arm64-gnu
40 silly reify mark deleted [ '/app/workspace/node_modules/@tailwindcss/oxide-linux-arm64-gnu' ]
41 verbose reify failed optional dependency /app/workspace/node_modules/@tailwindcss/oxide-linux-arm-gnueabihf
42 silly reify mark deleted [
42 silly reify   '/app/workspace/node_modules/@tailwindcss/oxide-linux-arm-gnueabihf'
42 silly reify ]
43 verbose reify failed optional dependency /app/workspace/node_modules/@tailwindcss/oxide-freebsd-x64
44 silly reify mark deleted [ '/app/workspace/node_modules/@tailwindcss/oxide-freebsd-x64' ]
45 verbose reify failed optional dependency /app/workspace/node_modules/@tailwindcss/oxide-darwin-x64
46 silly reify mark deleted [ '/app/workspace/node_modules/@tailwindcss/oxide-darwin-x64' ]
47 verbose reify failed optional dependency /app/workspace/node_modules/@tailwindcss/oxide-darwin-arm64
48 silly reify mark deleted [ '/app/workspace/node_modules/@tailwindcss/oxide-darwin-arm64' ]
49 verbose reify failed optional dependency /app/workspace/node_modules/@tailwindcss/oxide-android-arm64
50 silly reify mark deleted [ '/app/workspace/node_modules/@tailwindcss/oxide-android-arm64' ]
51 verbose reify failed optional dependency /app/workspace/node_modules/@next/swc-win32-x64-msvc
52 silly reify mark deleted [ '/app/workspace/node_modules/@next/swc-win32-x64-msvc' ]
53 verbose reify failed optional dependency /app/workspace/node_modules/@next/swc-win32-arm64-msvc
54 silly reify mark deleted [ '/app/workspace/node_modules/@next/swc-win32-arm64-msvc' ]
55 verbose reify failed optional dependency /app/workspace/node_modules/@next/swc-linux-arm64-musl
56 silly reify mark deleted [ '/app/workspace/node_modules/@next/swc-linux-arm64-musl' ]
57 verbose reify failed optional dependency /app/workspace/node_modules/@next/swc-linux-arm64-gnu
58 silly reify mark deleted [ '/app/workspace/node_modules/@next/swc-linux-arm64-gnu' ]
59 verbose reify failed optional dependency /app/workspace/node_modules/@next/swc-darwin-x64
60 silly reify mark deleted [ '/app/workspace/node_modules/@next/swc-darwin-x64' ]
61 verbose reify failed optional dependency /app/workspace/node_modules/@next/swc-darwin-arm64
62 silly reify mark deleted [ '/app/workspace/node_modules/@next/swc-darwin-arm64' ]
63 verbose reify failed optional dependency /app/workspace/node_modules/@img/sharp-win32-x64
64 silly reify mark deleted [ '/app/workspace/node_modules/@img/sharp-win32-x64' ]
65 verbose reify failed optional dependency /app/workspace/node_modules/@img/sharp-win32-ia32
66 silly reify mark deleted [ '/app/workspace/node_modules/@img/sharp-win32-ia32' ]
67 verbose reify failed optional dependency /app/workspace/node_modules/@img/sharp-wasm32
68 silly reify mark deleted [ '/app/workspace/node_modules/@img/sharp-wasm32' ]
69 verbose reify failed optional dependency /app/workspace/node_modules/@img/sharp-linuxmusl-arm64
70 silly reify mark deleted [ '/app/workspace/node_modules/@img/sharp-linuxmusl-arm64' ]
71 verbose reify failed optional dependency /app/workspace/node_modules/@img/sharp-linux-s390x
72 silly reify mark deleted [ '/app/workspace/node_modules/@img/sharp-linux-s390x' ]
73 verbose reify failed optional dependency /app/workspace/node_modules/@img/sharp-linux-arm64
74 silly reify mark deleted [ '/app/workspace/node_modules/@img/sharp-linux-arm64' ]
75 verbose reify failed optional dependency /app/workspace/node_modules/@img/sharp-linux-arm
76 silly reify mark deleted [ '/app/workspace/node_modules/@img/sharp-linux-arm' ]
77 verbose reify failed optional dependency /app/workspace/node_modules/@img/sharp-libvips-linuxmusl-arm64
78 silly reify mark deleted [ '/app/workspace/node_modules/@img/sharp-libvips-linuxmusl-arm64' ]
79 verbose reify failed optional dependency /app/workspace/node_modules/@img/sharp-libvips-linux-s390x
80 silly reify mark deleted [ '/app/workspace/node_modules/@img/sharp-libvips-linux-s390x' ]
81 verbose reify failed optional dependency /app/workspace/node_modules/@img/sharp-libvips-linux-ppc64
82 silly reify mark deleted [ '/app/workspace/node_modules/@img/sharp-libvips-linux-ppc64' ]
83 verbose reify failed optional dependency /app/workspace/node_modules/@img/sharp-libvips-linux-arm64
84 silly reify mark deleted [ '/app/workspace/node_modules/@img/sharp-libvips-linux-arm64' ]
85 verbose reify failed optional dependency /app/workspace/node_modules/@img/sharp-libvips-linux-arm
86 silly reify mark deleted [ '/app/workspace/node_modules/@img/sharp-libvips-linux-arm' ]
87 verbose reify failed optional dependency /app/workspace/node_modules/@img/sharp-libvips-darwin-x64
88 silly reify mark deleted [ '/app/workspace/node_modules/@img/sharp-libvips-darwin-x64' ]
89 verbose reify failed optional dependency /app/workspace/node_modules/@img/sharp-libvips-darwin-arm64
90 silly reify mark deleted [ '/app/workspace/node_modules/@img/sharp-libvips-darwin-arm64' ]
91 verbose reify failed optional dependency /app/workspace/node_modules/@img/sharp-darwin-x64
92 silly reify mark deleted [ '/app/workspace/node_modules/@img/sharp-darwin-x64' ]
93 verbose reify failed optional dependency /app/workspace/node_modules/@img/sharp-darwin-arm64
94 silly reify mark deleted [ '/app/workspace/node_modules/@img/sharp-darwin-arm64' ]
95 http cache lightningcss-linux-x64-musl@https://registry.npmjs.org/lightningcss-linux-x64-musl/-/lightningcss-linux-x64-musl-1.29.2.tgz 1ms (cache hit)
96 http cache @next/swc-linux-x64-musl@https://registry.npmjs.org/@next/swc-linux-x64-musl/-/swc-linux-x64-musl-15.3.2.tgz 0ms (cache hit)
97 http cache @img/sharp-linuxmusl-x64@https://registry.npmjs.org/@img/sharp-linuxmusl-x64/-/sharp-linuxmusl-x64-0.34.1.tgz 0ms (cache hit)
98 http cache @tailwindcss/oxide-linux-x64-musl@https://registry.npmjs.org/@tailwindcss/oxide-linux-x64-musl/-/oxide-linux-x64-musl-4.1.6.tgz 0ms (cache hit)
99 http cache @img/sharp-libvips-linuxmusl-x64@https://registry.npmjs.org/@img/sharp-libvips-linuxmusl-x64/-/sharp-libvips-linuxmusl-x64-1.1.0.tgz 0ms (cache hit)
100 silly tarball no local data for lightningcss-linux-x64-musl@https://registry.npmjs.org/lightningcss-linux-x64-musl/-/lightningcss-linux-x64-musl-1.29.2.tgz. Extracting by manifest.
101 silly tarball no local data for @next/swc-linux-x64-musl@https://registry.npmjs.org/@next/swc-linux-x64-musl/-/swc-linux-x64-musl-15.3.2.tgz. Extracting by manifest.
102 silly tarball no local data for @img/sharp-linuxmusl-x64@https://registry.npmjs.org/@img/sharp-linuxmusl-x64/-/sharp-linuxmusl-x64-0.34.1.tgz. Extracting by manifest.
103 silly tarball no local data for @tailwindcss/oxide-linux-x64-musl@https://registry.npmjs.org/@tailwindcss/oxide-linux-x64-musl/-/oxide-linux-x64-musl-4.1.6.tgz. Extracting by manifest.
104 silly tarball no local data for @img/sharp-libvips-linuxmusl-x64@https://registry.npmjs.org/@img/sharp-libvips-linuxmusl-x64/-/sharp-libvips-linuxmusl-x64-1.1.0.tgz. Extracting by manifest.
105 http fetch GET 200 https://registry.npmjs.org/npm 188ms
106 http fetch GET 200 https://registry.npmjs.org/@img/sharp-linuxmusl-x64/-/sharp-linuxmusl-x64-0.34.1.tgz 283ms (cache miss)
107 http fetch POST 200 https://registry.npmjs.org/-/npm/v1/security/advisories/bulk 426ms
108 silly audit report {}
109 http fetch GET 200 https://registry.npmjs.org/@tailwindcss/oxide-linux-x64-musl/-/oxide-linux-x64-musl-4.1.6.tgz 411ms (cache miss)
110 http fetch GET 200 https://registry.npmjs.org/lightningcss-linux-x64-musl/-/lightningcss-linux-x64-musl-1.29.2.tgz 794ms (cache miss)
111 http fetch GET 200 https://registry.npmjs.org/@img/sharp-libvips-linuxmusl-x64/-/sharp-libvips-linuxmusl-x64-1.1.0.tgz 1028ms (cache miss)
112 http fetch GET 200 https://registry.npmjs.org/@next/swc-linux-x64-musl/-/swc-linux-x64-musl-15.3.2.tgz 2419ms (cache miss)
113 silly ADD
114 silly ADD
115 silly ADD node_modules/lightningcss-linux-x64-musl
116 silly ADD
117 silly ADD
118 silly ADD
119 silly ADD
120 silly ADD
121 silly ADD
122 silly ADD
123 silly ADD
124 silly ADD
125 silly ADD node_modules/@tailwindcss/oxide-linux-x64-musl
126 silly ADD
127 silly ADD
128 silly ADD
129 silly ADD
130 silly ADD
131 silly ADD
132 silly ADD
133 silly ADD
134 silly ADD
135 silly ADD node_modules/@next/swc-linux-x64-musl
136 silly ADD
137 silly ADD
138 silly ADD
139 silly ADD
140 silly ADD
141 silly ADD
142 silly ADD
143 silly ADD node_modules/@img/sharp-linuxmusl-x64
144 silly ADD
145 silly ADD
146 silly ADD
147 silly ADD
148 silly ADD node_modules/@img/sharp-libvips-linuxmusl-x64
149 silly ADD
150 silly ADD
151 silly ADD
152 silly ADD
153 silly ADD
154 silly ADD
155 silly ADD
156 silly ADD
157 silly ADD
158 verbose cwd /app/workspace
159 verbose os Linux 6.8.0-1021-aws
160 verbose node v22.15.0
161 verbose npm  v10.9.2
162 notice
162 notice New [31mmajor[39m version of npm available! [31m10.9.2[39m -> [34m11.3.0[39m
162 notice Changelog: [34mhttps://github.com/npm/cli/releases/tag/v11.3.0[39m
162 notice To update run: [4mnpm install -g npm@11.3.0[24m
162 notice  { force: true, [Symbol(proc-log.meta)]: true }
163 verbose exit 0
164 info ok
