0 verbose cli /usr/bin/node /usr/bin/npm
1 info using npm@10.9.2
2 info using node@v22.15.0
3 silly config load:file:/usr/lib/node_modules/npm/npmrc
4 silly config load:file:/app/workspace/todo-app/.npmrc
5 silly config load:file:/app/workspace/.npmrc
6 silly config load:file:/usr/etc/npmrc
7 verbose title npm install
8 verbose argv "install"
9 verbose logfile logs-max:10 dir:/app/workspace/.npm/_logs/2025-05-12T10_12_51_083Z-
10 verbose logfile /app/workspace/.npm/_logs/2025-05-12T10_12_51_083Z-debug-0.log
11 silly logfile done cleaning log files
12 silly packumentCache heap:1098907648 maxSize:274726912 maxEntrySize:137363456
13 silly idealTree buildDeps
14 silly fetch manifest react@^19.0.0
15 silly packumentCache full:https://registry.npmjs.org/react cache-miss
16 http fetch GET 200 https://registry.npmjs.org/react 271ms (cache miss)
17 silly packumentCache full:https://registry.npmjs.org/react set size:undefined disposed:false
18 silly fetch manifest react-dom@^19.0.0
19 silly packumentCache full:https://registry.npmjs.org/react-dom cache-miss
20 http fetch GET 200 https://registry.npmjs.org/react-dom 156ms (cache miss)
21 silly packumentCache full:https://registry.npmjs.org/react-dom set size:undefined disposed:false
22 silly fetch manifest next@15.3.2
23 silly packumentCache full:https://registry.npmjs.org/next cache-miss
24 http fetch GET 200 https://registry.npmjs.org/next 397ms (cache miss)
25 silly packumentCache full:https://registry.npmjs.org/next set size:undefined disposed:false
26 silly fetch manifest @opentelemetry/api@^1.1.0
27 silly packumentCache full:https://registry.npmjs.org/@opentelemetry%2fapi cache-miss
28 http fetch GET 200 https://registry.npmjs.org/@opentelemetry%2fapi 93ms (cache miss)
29 silly packumentCache full:https://registry.npmjs.org/@opentelemetry%2fapi set size:undefined disposed:false
30 silly fetch manifest @playwright/test@^1.41.2
31 silly packumentCache full:https://registry.npmjs.org/@playwright%2ftest cache-miss
32 http fetch GET 200 https://registry.npmjs.org/@playwright%2ftest 190ms (cache miss)
33 silly packumentCache full:https://registry.npmjs.org/@playwright%2ftest set size:undefined disposed:false
34 silly fetch manifest babel-plugin-react-compiler@*
35 silly packumentCache full:https://registry.npmjs.org/babel-plugin-react-compiler cache-miss
36 http fetch GET 200 https://registry.npmjs.org/babel-plugin-react-compiler 45ms (cache miss)
37 silly packumentCache full:https://registry.npmjs.org/babel-plugin-react-compiler set size:undefined disposed:false
38 silly fetch manifest sass@^1.3.0
39 silly packumentCache full:https://registry.npmjs.org/sass cache-miss
40 http fetch GET 200 https://registry.npmjs.org/sass 42ms (cache miss)
41 silly packumentCache full:https://registry.npmjs.org/sass set size:undefined disposed:false
42 silly fetch manifest typescript@^5
43 silly packumentCache full:https://registry.npmjs.org/typescript cache-miss
44 http fetch GET 200 https://registry.npmjs.org/typescript 237ms (cache miss)
45 silly packumentCache full:https://registry.npmjs.org/typescript set size:undefined disposed:false
46 silly fetch manifest @types/node@^20
47 silly packumentCache full:https://registry.npmjs.org/@types%2fnode cache-miss
48 http fetch GET 200 https://registry.npmjs.org/@types%2fnode 198ms (cache miss)
49 silly packumentCache full:https://registry.npmjs.org/@types%2fnode set size:undefined disposed:false
50 silly fetch manifest @types/react@^19
51 silly packumentCache full:https://registry.npmjs.org/@types%2freact cache-miss
52 http fetch GET 200 https://registry.npmjs.org/@types%2freact 98ms (cache miss)
53 silly packumentCache full:https://registry.npmjs.org/@types%2freact set size:undefined disposed:false
54 silly fetch manifest @types/react-dom@^19
55 silly packumentCache full:https://registry.npmjs.org/@types%2freact-dom cache-miss
56 http fetch GET 200 https://registry.npmjs.org/@types%2freact-dom 52ms (cache miss)
57 silly packumentCache full:https://registry.npmjs.org/@types%2freact-dom set size:undefined disposed:false
58 silly fetch manifest @tailwindcss/postcss@^4
59 silly packumentCache full:https://registry.npmjs.org/@tailwindcss%2fpostcss cache-miss
60 http fetch GET 200 https://registry.npmjs.org/@tailwindcss%2fpostcss 74ms (cache miss)
61 silly packumentCache full:https://registry.npmjs.org/@tailwindcss%2fpostcss set size:undefined disposed:false
62 silly fetch manifest tailwindcss@^4
63 silly packumentCache full:https://registry.npmjs.org/tailwindcss cache-miss
64 http fetch GET 200 https://registry.npmjs.org/tailwindcss 141ms (cache miss)
65 silly packumentCache full:https://registry.npmjs.org/tailwindcss set size:undefined disposed:false
66 silly placeDep ROOT @tailwindcss/postcss@4.1.6 OK for: todo-app@0.1.0 want: ^4
67 silly placeDep ROOT @types/node@20.17.46 OK for: todo-app@0.1.0 want: ^20
68 silly placeDep ROOT @types/react@19.1.3 OK for: todo-app@0.1.0 want: ^19
69 silly placeDep ROOT @types/react-dom@19.1.3 OK for: todo-app@0.1.0 want: ^19
70 silly placeDep ROOT next@15.3.2 OK for: todo-app@0.1.0 want: 15.3.2
71 silly placeDep ROOT react@19.1.0 OK for: next@15.3.2 want: ^18.2.0 || 19.0.0-rc-de68d2f4-20241204 || ^19.0.0
72 silly placeDep ROOT react-dom@19.1.0 OK for: next@15.3.2 want: ^18.2.0 || 19.0.0-rc-de68d2f4-20241204 || ^19.0.0
73 silly placeDep ROOT tailwindcss@4.1.6 OK for: todo-app@0.1.0 want: ^4
74 silly placeDep ROOT typescript@5.8.3 OK for: todo-app@0.1.0 want: ^5
75 silly fetch manifest postcss@^8.4.41
76 silly packumentCache full:https://registry.npmjs.org/postcss cache-miss
77 http fetch GET 200 https://registry.npmjs.org/postcss 49ms (cache miss)
78 silly packumentCache full:https://registry.npmjs.org/postcss set size:undefined disposed:false
79 silly fetch manifest tailwindcss@4.1.6
80 silly packumentCache full:https://registry.npmjs.org/tailwindcss cache-miss
81 http cache https://registry.npmjs.org/tailwindcss 17ms (cache hit)
82 silly packumentCache full:https://registry.npmjs.org/tailwindcss set size:8925266 disposed:false
83 silly fetch manifest @alloc/quick-lru@^5.2.0
84 silly packumentCache full:https://registry.npmjs.org/@alloc%2fquick-lru cache-miss
85 http fetch GET 200 https://registry.npmjs.org/@alloc%2fquick-lru 50ms (cache miss)
86 silly packumentCache full:https://registry.npmjs.org/@alloc%2fquick-lru set size:undefined disposed:false
87 silly fetch manifest @tailwindcss/node@4.1.6
88 silly packumentCache full:https://registry.npmjs.org/@tailwindcss%2fnode cache-miss
89 http fetch GET 200 https://registry.npmjs.org/@tailwindcss%2fnode 58ms (cache miss)
90 silly packumentCache full:https://registry.npmjs.org/@tailwindcss%2fnode set size:undefined disposed:false
91 silly fetch manifest @tailwindcss/oxide@4.1.6
92 silly packumentCache full:https://registry.npmjs.org/@tailwindcss%2foxide cache-miss
93 http fetch GET 200 https://registry.npmjs.org/@tailwindcss%2foxide 94ms (cache miss)
94 silly packumentCache full:https://registry.npmjs.org/@tailwindcss%2foxide set size:undefined disposed:false
95 silly fetch manifest undici-types@~6.19.2
96 silly packumentCache full:https://registry.npmjs.org/undici-types cache-miss
97 http fetch GET 200 https://registry.npmjs.org/undici-types 27ms (cache miss)
98 silly packumentCache full:https://registry.npmjs.org/undici-types set size:undefined disposed:false
99 silly fetch manifest csstype@^3.0.2
100 silly packumentCache full:https://registry.npmjs.org/csstype cache-miss
101 http fetch GET 200 https://registry.npmjs.org/csstype 30ms (cache miss)
102 silly packumentCache full:https://registry.npmjs.org/csstype set size:undefined disposed:false
103 silly fetch manifest busboy@1.6.0
104 silly packumentCache full:https://registry.npmjs.org/busboy cache-miss
105 http fetch GET 200 https://registry.npmjs.org/busboy 28ms (cache miss)
106 silly packumentCache full:https://registry.npmjs.org/busboy set size:undefined disposed:false
107 silly fetch manifest postcss@8.4.31
108 silly packumentCache full:https://registry.npmjs.org/postcss cache-miss
109 http cache https://registry.npmjs.org/postcss 2ms (cache hit)
110 silly packumentCache full:https://registry.npmjs.org/postcss set size:687240 disposed:false
111 silly fetch manifest @next/env@15.3.2
112 silly packumentCache full:https://registry.npmjs.org/@next%2fenv cache-miss
113 http fetch GET 200 https://registry.npmjs.org/@next%2fenv 220ms (cache miss)
114 silly packumentCache full:https://registry.npmjs.org/@next%2fenv set size:undefined disposed:false
115 silly fetch manifest styled-jsx@5.1.6
116 silly packumentCache full:https://registry.npmjs.org/styled-jsx cache-miss
117 http fetch GET 200 https://registry.npmjs.org/styled-jsx 65ms (cache miss)
118 silly packumentCache full:https://registry.npmjs.org/styled-jsx set size:undefined disposed:false
119 silly fetch manifest @swc/counter@0.1.3
120 silly packumentCache full:https://registry.npmjs.org/@swc%2fcounter cache-miss
121 http fetch GET 200 https://registry.npmjs.org/@swc%2fcounter 54ms (cache miss)
122 silly packumentCache full:https://registry.npmjs.org/@swc%2fcounter set size:undefined disposed:false
123 silly fetch manifest @swc/helpers@0.5.15
124 silly packumentCache full:https://registry.npmjs.org/@swc%2fhelpers cache-miss
125 http fetch GET 200 https://registry.npmjs.org/@swc%2fhelpers 64ms (cache miss)
126 silly packumentCache full:https://registry.npmjs.org/@swc%2fhelpers set size:undefined disposed:false
127 silly fetch manifest caniuse-lite@^1.0.30001579
128 silly packumentCache full:https://registry.npmjs.org/caniuse-lite cache-miss
129 http fetch GET 200 https://registry.npmjs.org/caniuse-lite 76ms (cache miss)
130 silly packumentCache full:https://registry.npmjs.org/caniuse-lite set size:undefined disposed:false
131 silly fetch manifest sharp@^0.34.1
132 silly packumentCache full:https://registry.npmjs.org/sharp cache-miss
133 http fetch GET 200 https://registry.npmjs.org/sharp 43ms (cache miss)
134 silly packumentCache full:https://registry.npmjs.org/sharp set size:undefined disposed:false
135 silly fetch manifest @next/swc-darwin-x64@15.3.2
136 silly packumentCache full:https://registry.npmjs.org/@next%2fswc-darwin-x64 cache-miss
137 http fetch GET 200 https://registry.npmjs.org/@next%2fswc-darwin-x64 161ms (cache miss)
138 silly packumentCache full:https://registry.npmjs.org/@next%2fswc-darwin-x64 set size:undefined disposed:false
139 silly fetch manifest @next/swc-darwin-arm64@15.3.2
140 silly packumentCache full:https://registry.npmjs.org/@next%2fswc-darwin-arm64 cache-miss
141 http fetch GET 200 https://registry.npmjs.org/@next%2fswc-darwin-arm64 151ms (cache miss)
142 silly packumentCache full:https://registry.npmjs.org/@next%2fswc-darwin-arm64 set size:undefined disposed:false
143 silly fetch manifest @next/swc-linux-x64-gnu@15.3.2
144 silly packumentCache full:https://registry.npmjs.org/@next%2fswc-linux-x64-gnu cache-miss
145 http fetch GET 200 https://registry.npmjs.org/@next%2fswc-linux-x64-gnu 229ms (cache miss)
146 silly packumentCache full:https://registry.npmjs.org/@next%2fswc-linux-x64-gnu set size:undefined disposed:false
147 silly fetch manifest @next/swc-linux-x64-musl@15.3.2
148 silly packumentCache full:https://registry.npmjs.org/@next%2fswc-linux-x64-musl cache-miss
149 http fetch GET 200 https://registry.npmjs.org/@next%2fswc-linux-x64-musl 138ms (cache miss)
150 silly packumentCache full:https://registry.npmjs.org/@next%2fswc-linux-x64-musl set size:undefined disposed:false
151 silly fetch manifest @next/swc-win32-x64-msvc@15.3.2
152 silly packumentCache full:https://registry.npmjs.org/@next%2fswc-win32-x64-msvc cache-miss
153 http fetch GET 200 https://registry.npmjs.org/@next%2fswc-win32-x64-msvc 117ms (cache miss)
154 silly packumentCache full:https://registry.npmjs.org/@next%2fswc-win32-x64-msvc set size:undefined disposed:false
155 silly fetch manifest @next/swc-linux-arm64-gnu@15.3.2
156 silly packumentCache full:https://registry.npmjs.org/@next%2fswc-linux-arm64-gnu cache-miss
157 http fetch GET 200 https://registry.npmjs.org/@next%2fswc-linux-arm64-gnu 140ms (cache miss)
158 silly packumentCache full:https://registry.npmjs.org/@next%2fswc-linux-arm64-gnu set size:undefined disposed:false
159 silly fetch manifest @next/swc-linux-arm64-musl@15.3.2
160 silly packumentCache full:https://registry.npmjs.org/@next%2fswc-linux-arm64-musl cache-miss
161 http fetch GET 200 https://registry.npmjs.org/@next%2fswc-linux-arm64-musl 130ms (cache miss)
162 silly packumentCache full:https://registry.npmjs.org/@next%2fswc-linux-arm64-musl set size:undefined disposed:false
163 silly fetch manifest @next/swc-win32-arm64-msvc@15.3.2
164 silly packumentCache full:https://registry.npmjs.org/@next%2fswc-win32-arm64-msvc cache-miss
165 http fetch GET 200 https://registry.npmjs.org/@next%2fswc-win32-arm64-msvc 140ms (cache miss)
166 silly packumentCache full:https://registry.npmjs.org/@next%2fswc-win32-arm64-msvc set size:undefined disposed:false
167 silly fetch manifest scheduler@^0.26.0
168 silly packumentCache full:https://registry.npmjs.org/scheduler cache-miss
169 http fetch GET 200 https://registry.npmjs.org/scheduler 119ms (cache miss)
170 silly packumentCache full:https://registry.npmjs.org/scheduler set size:undefined disposed:false
171 silly placeDep ROOT @alloc/quick-lru@5.2.0 OK for: @tailwindcss/postcss@4.1.6 want: ^5.2.0
172 silly placeDep ROOT @tailwindcss/node@4.1.6 OK for: @tailwindcss/postcss@4.1.6 want: 4.1.6
173 silly placeDep ROOT @tailwindcss/oxide@4.1.6 OK for: @tailwindcss/postcss@4.1.6 want: 4.1.6
174 silly placeDep ROOT postcss@8.5.3 OK for: @tailwindcss/postcss@4.1.6 want: ^8.4.41
175 silly fetch manifest jiti@^2.4.2
176 silly packumentCache full:https://registry.npmjs.org/jiti cache-miss
177 http fetch GET 200 https://registry.npmjs.org/jiti 43ms (cache miss)
178 silly packumentCache full:https://registry.npmjs.org/jiti set size:undefined disposed:false
179 silly fetch manifest lightningcss@1.29.2
180 silly packumentCache full:https://registry.npmjs.org/lightningcss cache-miss
181 http fetch GET 200 https://registry.npmjs.org/lightningcss 28ms (cache miss)
182 silly packumentCache full:https://registry.npmjs.org/lightningcss set size:undefined disposed:false
183 silly fetch manifest magic-string@^0.30.17
184 silly packumentCache full:https://registry.npmjs.org/magic-string cache-miss
185 http fetch GET 200 https://registry.npmjs.org/magic-string 30ms (cache miss)
186 silly packumentCache full:https://registry.npmjs.org/magic-string set size:undefined disposed:false
187 silly fetch manifest source-map-js@^1.2.1
188 silly packumentCache full:https://registry.npmjs.org/source-map-js cache-miss
189 http fetch GET 200 https://registry.npmjs.org/source-map-js 27ms (cache miss)
190 silly packumentCache full:https://registry.npmjs.org/source-map-js set size:undefined disposed:false
191 silly fetch manifest enhanced-resolve@^5.18.1
192 silly packumentCache full:https://registry.npmjs.org/enhanced-resolve cache-miss
193 http fetch GET 200 https://registry.npmjs.org/enhanced-resolve 38ms (cache miss)
194 silly packumentCache full:https://registry.npmjs.org/enhanced-resolve set size:undefined disposed:false
195 silly fetch manifest @ampproject/remapping@^2.3.0
196 silly packumentCache full:https://registry.npmjs.org/@ampproject%2fremapping cache-miss
197 http fetch GET 200 https://registry.npmjs.org/@ampproject%2fremapping 52ms (cache miss)
198 silly packumentCache full:https://registry.npmjs.org/@ampproject%2fremapping set size:undefined disposed:false
199 silly fetch manifest tar@^7.4.3
200 silly packumentCache full:https://registry.npmjs.org/tar cache-miss
201 http fetch GET 200 https://registry.npmjs.org/tar 41ms (cache miss)
202 silly packumentCache full:https://registry.npmjs.org/tar set size:undefined disposed:false
203 silly fetch manifest detect-libc@^2.0.4
204 silly packumentCache full:https://registry.npmjs.org/detect-libc cache-miss
205 http fetch GET 200 https://registry.npmjs.org/detect-libc 28ms (cache miss)
206 silly packumentCache full:https://registry.npmjs.org/detect-libc set size:undefined disposed:false
207 silly fetch manifest @tailwindcss/oxide-darwin-x64@4.1.6
208 silly packumentCache full:https://registry.npmjs.org/@tailwindcss%2foxide-darwin-x64 cache-miss
209 http fetch GET 200 https://registry.npmjs.org/@tailwindcss%2foxide-darwin-x64 136ms (cache miss)
210 silly packumentCache full:https://registry.npmjs.org/@tailwindcss%2foxide-darwin-x64 set size:undefined disposed:false
211 silly fetch manifest @tailwindcss/oxide-freebsd-x64@4.1.6
212 silly packumentCache full:https://registry.npmjs.org/@tailwindcss%2foxide-freebsd-x64 cache-miss
213 http fetch GET 200 https://registry.npmjs.org/@tailwindcss%2foxide-freebsd-x64 75ms (cache miss)
214 silly packumentCache full:https://registry.npmjs.org/@tailwindcss%2foxide-freebsd-x64 set size:undefined disposed:false
215 silly fetch manifest @tailwindcss/oxide-wasm32-wasi@4.1.6
216 silly packumentCache full:https://registry.npmjs.org/@tailwindcss%2foxide-wasm32-wasi cache-miss
217 http fetch GET 200 https://registry.npmjs.org/@tailwindcss%2foxide-wasm32-wasi 43ms (cache miss)
218 silly packumentCache full:https://registry.npmjs.org/@tailwindcss%2foxide-wasm32-wasi set size:undefined disposed:false
219 silly fetch manifest @tailwindcss/oxide-darwin-arm64@4.1.6
220 silly packumentCache full:https://registry.npmjs.org/@tailwindcss%2foxide-darwin-arm64 cache-miss
221 http fetch GET 200 https://registry.npmjs.org/@tailwindcss%2foxide-darwin-arm64 91ms (cache miss)
222 silly packumentCache full:https://registry.npmjs.org/@tailwindcss%2foxide-darwin-arm64 set size:undefined disposed:false
223 silly fetch manifest @tailwindcss/oxide-android-arm64@4.1.6
224 silly packumentCache full:https://registry.npmjs.org/@tailwindcss%2foxide-android-arm64 cache-miss
225 http fetch GET 200 https://registry.npmjs.org/@tailwindcss%2foxide-android-arm64 63ms (cache miss)
226 silly packumentCache full:https://registry.npmjs.org/@tailwindcss%2foxide-android-arm64 set size:undefined disposed:false
227 silly fetch manifest @tailwindcss/oxide-linux-x64-gnu@4.1.6
228 silly packumentCache full:https://registry.npmjs.org/@tailwindcss%2foxide-linux-x64-gnu cache-miss
229 http fetch GET 200 https://registry.npmjs.org/@tailwindcss%2foxide-linux-x64-gnu 76ms (cache miss)
230 silly packumentCache full:https://registry.npmjs.org/@tailwindcss%2foxide-linux-x64-gnu set size:undefined disposed:false
231 silly fetch manifest @tailwindcss/oxide-linux-x64-musl@4.1.6
232 silly packumentCache full:https://registry.npmjs.org/@tailwindcss%2foxide-linux-x64-musl cache-miss
233 http fetch GET 200 https://registry.npmjs.org/@tailwindcss%2foxide-linux-x64-musl 75ms (cache miss)
234 silly packumentCache full:https://registry.npmjs.org/@tailwindcss%2foxide-linux-x64-musl set size:undefined disposed:false
235 silly fetch manifest @tailwindcss/oxide-win32-x64-msvc@4.1.6
236 silly packumentCache full:https://registry.npmjs.org/@tailwindcss%2foxide-win32-x64-msvc cache-miss
237 http fetch GET 200 https://registry.npmjs.org/@tailwindcss%2foxide-win32-x64-msvc 82ms (cache miss)
238 silly packumentCache full:https://registry.npmjs.org/@tailwindcss%2foxide-win32-x64-msvc set size:undefined disposed:false
239 silly fetch manifest @tailwindcss/oxide-linux-arm64-gnu@4.1.6
240 silly packumentCache full:https://registry.npmjs.org/@tailwindcss%2foxide-linux-arm64-gnu cache-miss
241 http fetch GET 200 https://registry.npmjs.org/@tailwindcss%2foxide-linux-arm64-gnu 83ms (cache miss)
242 silly packumentCache full:https://registry.npmjs.org/@tailwindcss%2foxide-linux-arm64-gnu set size:undefined disposed:false
243 silly fetch manifest @tailwindcss/oxide-linux-arm64-musl@4.1.6
244 silly packumentCache full:https://registry.npmjs.org/@tailwindcss%2foxide-linux-arm64-musl cache-miss
245 http fetch GET 200 https://registry.npmjs.org/@tailwindcss%2foxide-linux-arm64-musl 75ms (cache miss)
246 silly packumentCache full:https://registry.npmjs.org/@tailwindcss%2foxide-linux-arm64-musl set size:undefined disposed:false
247 silly fetch manifest @tailwindcss/oxide-win32-arm64-msvc@4.1.6
248 silly packumentCache full:https://registry.npmjs.org/@tailwindcss%2foxide-win32-arm64-msvc cache-miss
249 http fetch GET 200 https://registry.npmjs.org/@tailwindcss%2foxide-win32-arm64-msvc 57ms (cache miss)
250 silly packumentCache full:https://registry.npmjs.org/@tailwindcss%2foxide-win32-arm64-msvc set size:undefined disposed:false
251 silly fetch manifest @tailwindcss/oxide-linux-arm-gnueabihf@4.1.6
252 silly packumentCache full:https://registry.npmjs.org/@tailwindcss%2foxide-linux-arm-gnueabihf cache-miss
253 http fetch GET 200 https://registry.npmjs.org/@tailwindcss%2foxide-linux-arm-gnueabihf 82ms (cache miss)
254 silly packumentCache full:https://registry.npmjs.org/@tailwindcss%2foxide-linux-arm-gnueabihf set size:undefined disposed:false
255 silly fetch manifest nanoid@^3.3.8
256 silly packumentCache full:https://registry.npmjs.org/nanoid cache-miss
257 http fetch GET 200 https://registry.npmjs.org/nanoid 30ms (cache miss)
258 silly packumentCache full:https://registry.npmjs.org/nanoid set size:undefined disposed:false
259 silly fetch manifest picocolors@^1.1.1
260 silly packumentCache full:https://registry.npmjs.org/picocolors cache-miss
261 http fetch GET 200 https://registry.npmjs.org/picocolors 26ms (cache miss)
262 silly packumentCache full:https://registry.npmjs.org/picocolors set size:undefined disposed:false
263 silly placeDep ROOT @ampproject/remapping@2.3.0 OK for: @tailwindcss/node@4.1.6 want: ^2.3.0
264 silly placeDep ROOT enhanced-resolve@5.18.1 OK for: @tailwindcss/node@4.1.6 want: ^5.18.1
265 silly placeDep ROOT jiti@2.4.2 OK for: @tailwindcss/node@4.1.6 want: ^2.4.2
266 silly placeDep ROOT lightningcss@1.29.2 OK for: @tailwindcss/node@4.1.6 want: 1.29.2
267 silly placeDep ROOT magic-string@0.30.17 OK for: @tailwindcss/node@4.1.6 want: ^0.30.17
268 silly placeDep ROOT source-map-js@1.2.1 OK for: @tailwindcss/node@4.1.6 want: ^1.2.1
269 silly fetch manifest @jridgewell/gen-mapping@^0.3.5
270 silly packumentCache full:https://registry.npmjs.org/@jridgewell%2fgen-mapping cache-miss
271 http fetch GET 200 https://registry.npmjs.org/@jridgewell%2fgen-mapping 39ms (cache miss)
272 silly packumentCache full:https://registry.npmjs.org/@jridgewell%2fgen-mapping set size:undefined disposed:false
273 silly fetch manifest @jridgewell/trace-mapping@^0.3.24
274 silly packumentCache full:https://registry.npmjs.org/@jridgewell%2ftrace-mapping cache-miss
275 http fetch GET 200 https://registry.npmjs.org/@jridgewell%2ftrace-mapping 52ms (cache miss)
276 silly packumentCache full:https://registry.npmjs.org/@jridgewell%2ftrace-mapping set size:undefined disposed:false
277 silly fetch manifest graceful-fs@^4.2.4
278 silly packumentCache full:https://registry.npmjs.org/graceful-fs cache-miss
279 http fetch GET 200 https://registry.npmjs.org/graceful-fs 29ms (cache miss)
280 silly packumentCache full:https://registry.npmjs.org/graceful-fs set size:undefined disposed:false
281 silly fetch manifest tapable@^2.2.0
282 silly packumentCache full:https://registry.npmjs.org/tapable cache-miss
283 http fetch GET 200 https://registry.npmjs.org/tapable 27ms (cache miss)
284 silly packumentCache full:https://registry.npmjs.org/tapable set size:undefined disposed:false
285 silly fetch manifest detect-libc@^2.0.3
286 silly packumentCache full:https://registry.npmjs.org/detect-libc cache-miss
287 http cache https://registry.npmjs.org/detect-libc 4ms (cache hit)
288 silly packumentCache full:https://registry.npmjs.org/detect-libc set size:38400 disposed:false
289 silly fetch manifest lightningcss-darwin-x64@1.29.2
290 silly packumentCache full:https://registry.npmjs.org/lightningcss-darwin-x64 cache-miss
291 http fetch GET 200 https://registry.npmjs.org/lightningcss-darwin-x64 33ms (cache miss)
292 silly packumentCache full:https://registry.npmjs.org/lightningcss-darwin-x64 set size:undefined disposed:false
293 silly fetch manifest lightningcss-freebsd-x64@1.29.2
294 silly packumentCache full:https://registry.npmjs.org/lightningcss-freebsd-x64 cache-miss
295 http fetch GET 200 https://registry.npmjs.org/lightningcss-freebsd-x64 26ms (cache miss)
296 silly packumentCache full:https://registry.npmjs.org/lightningcss-freebsd-x64 set size:undefined disposed:false
297 silly fetch manifest lightningcss-darwin-arm64@1.29.2
298 silly packumentCache full:https://registry.npmjs.org/lightningcss-darwin-arm64 cache-miss
299 http fetch GET 200 https://registry.npmjs.org/lightningcss-darwin-arm64 32ms (cache miss)
300 silly packumentCache full:https://registry.npmjs.org/lightningcss-darwin-arm64 set size:undefined disposed:false
301 silly fetch manifest lightningcss-linux-x64-gnu@1.29.2
302 silly packumentCache full:https://registry.npmjs.org/lightningcss-linux-x64-gnu cache-miss
303 http fetch GET 200 https://registry.npmjs.org/lightningcss-linux-x64-gnu 25ms (cache miss)
304 silly packumentCache full:https://registry.npmjs.org/lightningcss-linux-x64-gnu set size:undefined disposed:false
305 silly fetch manifest lightningcss-linux-x64-musl@1.29.2
306 silly packumentCache full:https://registry.npmjs.org/lightningcss-linux-x64-musl cache-miss
307 http fetch GET 200 https://registry.npmjs.org/lightningcss-linux-x64-musl 27ms (cache miss)
308 silly packumentCache full:https://registry.npmjs.org/lightningcss-linux-x64-musl set size:undefined disposed:false
309 silly fetch manifest lightningcss-win32-x64-msvc@1.29.2
310 silly packumentCache full:https://registry.npmjs.org/lightningcss-win32-x64-msvc cache-miss
311 http fetch GET 200 https://registry.npmjs.org/lightningcss-win32-x64-msvc 26ms (cache miss)
312 silly packumentCache full:https://registry.npmjs.org/lightningcss-win32-x64-msvc set size:undefined disposed:false
313 silly fetch manifest lightningcss-linux-arm64-gnu@1.29.2
314 silly packumentCache full:https://registry.npmjs.org/lightningcss-linux-arm64-gnu cache-miss
315 http fetch GET 200 https://registry.npmjs.org/lightningcss-linux-arm64-gnu 31ms (cache miss)
316 silly packumentCache full:https://registry.npmjs.org/lightningcss-linux-arm64-gnu set size:undefined disposed:false
317 silly fetch manifest lightningcss-linux-arm64-musl@1.29.2
318 silly packumentCache full:https://registry.npmjs.org/lightningcss-linux-arm64-musl cache-miss
319 http fetch GET 200 https://registry.npmjs.org/lightningcss-linux-arm64-musl 24ms (cache miss)
320 silly packumentCache full:https://registry.npmjs.org/lightningcss-linux-arm64-musl set size:undefined disposed:false
321 silly fetch manifest lightningcss-win32-arm64-msvc@1.29.2
322 silly packumentCache full:https://registry.npmjs.org/lightningcss-win32-arm64-msvc cache-miss
323 http fetch GET 200 https://registry.npmjs.org/lightningcss-win32-arm64-msvc 33ms (cache miss)
324 silly packumentCache full:https://registry.npmjs.org/lightningcss-win32-arm64-msvc set size:undefined disposed:false
325 silly fetch manifest lightningcss-linux-arm-gnueabihf@1.29.2
326 silly packumentCache full:https://registry.npmjs.org/lightningcss-linux-arm-gnueabihf cache-miss
327 http fetch GET 200 https://registry.npmjs.org/lightningcss-linux-arm-gnueabihf 32ms (cache miss)
328 silly packumentCache full:https://registry.npmjs.org/lightningcss-linux-arm-gnueabihf set size:undefined disposed:false
329 silly fetch manifest @jridgewell/sourcemap-codec@^1.5.0
330 silly packumentCache full:https://registry.npmjs.org/@jridgewell%2fsourcemap-codec cache-miss
331 http fetch GET 200 https://registry.npmjs.org/@jridgewell%2fsourcemap-codec 65ms (cache miss)
332 silly packumentCache full:https://registry.npmjs.org/@jridgewell%2fsourcemap-codec set size:undefined disposed:false
333 silly placeDep ROOT @jridgewell/gen-mapping@0.3.8 OK for: @ampproject/remapping@2.3.0 want: ^0.3.5
334 silly placeDep ROOT @jridgewell/trace-mapping@0.3.25 OK for: @ampproject/remapping@2.3.0 want: ^0.3.24
335 silly fetch manifest @jridgewell/set-array@^1.2.1
336 silly packumentCache full:https://registry.npmjs.org/@jridgewell%2fset-array cache-miss
337 http fetch GET 200 https://registry.npmjs.org/@jridgewell%2fset-array 57ms (cache miss)
338 silly packumentCache full:https://registry.npmjs.org/@jridgewell%2fset-array set size:undefined disposed:false
339 silly fetch manifest @jridgewell/sourcemap-codec@^1.4.10
340 silly packumentCache full:https://registry.npmjs.org/@jridgewell%2fsourcemap-codec cache-miss
341 http cache https://registry.npmjs.org/@jridgewell%2fsourcemap-codec 2ms (cache hit)
342 silly packumentCache full:https://registry.npmjs.org/@jridgewell%2fsourcemap-codec set size:54548 disposed:false
343 silly fetch manifest @jridgewell/resolve-uri@^3.1.0
344 silly packumentCache full:https://registry.npmjs.org/@jridgewell%2fresolve-uri cache-miss
345 http fetch GET 200 https://registry.npmjs.org/@jridgewell%2fresolve-uri 46ms (cache miss)
346 silly packumentCache full:https://registry.npmjs.org/@jridgewell%2fresolve-uri set size:undefined disposed:false
347 silly fetch manifest @jridgewell/sourcemap-codec@^1.4.14
348 silly packumentCache full:https://registry.npmjs.org/@jridgewell%2fsourcemap-codec cache-hit
349 silly placeDep ROOT @jridgewell/set-array@1.2.1 OK for: @jridgewell/gen-mapping@0.3.8 want: ^1.2.1
350 silly placeDep ROOT @jridgewell/sourcemap-codec@1.5.0 OK for: @jridgewell/gen-mapping@0.3.8 want: ^1.4.10
351 silly placeDep ROOT @jridgewell/resolve-uri@3.1.2 OK for: @jridgewell/trace-mapping@0.3.25 want: ^3.1.0
352 silly placeDep ROOT @tailwindcss/oxide-android-arm64@4.1.6 OK for: @tailwindcss/oxide@4.1.6 want: 4.1.6
353 silly placeDep ROOT @tailwindcss/oxide-darwin-arm64@4.1.6 OK for: @tailwindcss/oxide@4.1.6 want: 4.1.6
354 silly placeDep ROOT @tailwindcss/oxide-darwin-x64@4.1.6 OK for: @tailwindcss/oxide@4.1.6 want: 4.1.6
355 silly placeDep ROOT @tailwindcss/oxide-freebsd-x64@4.1.6 OK for: @tailwindcss/oxide@4.1.6 want: 4.1.6
356 silly placeDep ROOT @tailwindcss/oxide-linux-arm-gnueabihf@4.1.6 OK for: @tailwindcss/oxide@4.1.6 want: 4.1.6
357 silly placeDep ROOT @tailwindcss/oxide-linux-arm64-gnu@4.1.6 OK for: @tailwindcss/oxide@4.1.6 want: 4.1.6
358 silly placeDep ROOT @tailwindcss/oxide-linux-arm64-musl@4.1.6 OK for: @tailwindcss/oxide@4.1.6 want: 4.1.6
359 silly placeDep ROOT @tailwindcss/oxide-linux-x64-gnu@4.1.6 OK for: @tailwindcss/oxide@4.1.6 want: 4.1.6
360 silly placeDep ROOT @tailwindcss/oxide-linux-x64-musl@4.1.6 OK for: @tailwindcss/oxide@4.1.6 want: 4.1.6
361 silly placeDep ROOT @tailwindcss/oxide-wasm32-wasi@4.1.6 OK for: @tailwindcss/oxide@4.1.6 want: 4.1.6
362 silly placeDep ROOT @tailwindcss/oxide-win32-arm64-msvc@4.1.6 OK for: @tailwindcss/oxide@4.1.6 want: 4.1.6
363 silly placeDep ROOT @tailwindcss/oxide-win32-x64-msvc@4.1.6 OK for: @tailwindcss/oxide@4.1.6 want: 4.1.6
364 silly placeDep ROOT detect-libc@2.0.4 OK for: @tailwindcss/oxide@4.1.6 want: ^2.0.4
365 silly placeDep ROOT tar@7.4.3 OK for: @tailwindcss/oxide@4.1.6 want: ^7.4.3
366 silly fetch manifest @isaacs/fs-minipass@^4.0.0
367 silly packumentCache full:https://registry.npmjs.org/@isaacs%2ffs-minipass cache-miss
368 http fetch GET 200 https://registry.npmjs.org/@isaacs%2ffs-minipass 72ms (cache miss)
369 silly packumentCache full:https://registry.npmjs.org/@isaacs%2ffs-minipass set size:undefined disposed:false
370 silly fetch manifest chownr@^3.0.0
371 silly packumentCache full:https://registry.npmjs.org/chownr cache-miss
372 http fetch GET 200 https://registry.npmjs.org/chownr 33ms (cache miss)
373 silly packumentCache full:https://registry.npmjs.org/chownr set size:undefined disposed:false
374 silly fetch manifest minipass@^7.1.2
375 silly packumentCache full:https://registry.npmjs.org/minipass cache-miss
376 http fetch GET 200 https://registry.npmjs.org/minipass 36ms (cache miss)
377 silly packumentCache full:https://registry.npmjs.org/minipass set size:undefined disposed:false
378 silly fetch manifest minizlib@^3.0.1
379 silly packumentCache full:https://registry.npmjs.org/minizlib cache-miss
380 http fetch GET 200 https://registry.npmjs.org/minizlib 26ms (cache miss)
381 silly packumentCache full:https://registry.npmjs.org/minizlib set size:undefined disposed:false
382 silly fetch manifest mkdirp@^3.0.1
383 silly packumentCache full:https://registry.npmjs.org/mkdirp cache-miss
384 http fetch GET 200 https://registry.npmjs.org/mkdirp 25ms (cache miss)
385 silly packumentCache full:https://registry.npmjs.org/mkdirp set size:undefined disposed:false
386 silly fetch manifest yallist@^5.0.0
387 silly packumentCache full:https://registry.npmjs.org/yallist cache-miss
388 http fetch GET 200 https://registry.npmjs.org/yallist 43ms (cache miss)
389 silly packumentCache full:https://registry.npmjs.org/yallist set size:undefined disposed:false
390 silly placeDep ROOT undici-types@6.19.8 OK for: @types/node@20.17.46 want: ~6.19.2
391 silly placeDep ROOT csstype@3.1.3 OK for: @types/react@19.1.3 want: ^3.0.2
392 silly placeDep ROOT graceful-fs@4.2.11 OK for: enhanced-resolve@5.18.1 want: ^4.2.4
393 silly placeDep ROOT tapable@2.2.1 OK for: enhanced-resolve@5.18.1 want: ^2.2.0
394 silly placeDep ROOT lightningcss-darwin-arm64@1.29.2 OK for: lightningcss@1.29.2 want: 1.29.2
395 silly placeDep ROOT lightningcss-darwin-x64@1.29.2 OK for: lightningcss@1.29.2 want: 1.29.2
396 silly placeDep ROOT lightningcss-freebsd-x64@1.29.2 OK for: lightningcss@1.29.2 want: 1.29.2
397 silly placeDep ROOT lightningcss-linux-arm-gnueabihf@1.29.2 OK for: lightningcss@1.29.2 want: 1.29.2
398 silly placeDep ROOT lightningcss-linux-arm64-gnu@1.29.2 OK for: lightningcss@1.29.2 want: 1.29.2
399 silly placeDep ROOT lightningcss-linux-arm64-musl@1.29.2 OK for: lightningcss@1.29.2 want: 1.29.2
400 silly placeDep ROOT lightningcss-linux-x64-gnu@1.29.2 OK for: lightningcss@1.29.2 want: 1.29.2
401 silly placeDep ROOT lightningcss-linux-x64-musl@1.29.2 OK for: lightningcss@1.29.2 want: 1.29.2
402 silly placeDep ROOT lightningcss-win32-arm64-msvc@1.29.2 OK for: lightningcss@1.29.2 want: 1.29.2
403 silly placeDep ROOT lightningcss-win32-x64-msvc@1.29.2 OK for: lightningcss@1.29.2 want: 1.29.2
404 silly fetch manifest react@^18.2.0 || 19.0.0-rc-de68d2f4-20241204 || ^19.0.0
405 silly packumentCache full:https://registry.npmjs.org/react cache-miss
406 http cache https://registry.npmjs.org/react 11ms (cache hit)
407 silly packumentCache full:https://registry.npmjs.org/react set size:5681224 disposed:false
408 silly placeDep ROOT @next/env@15.3.2 OK for: next@15.3.2 want: 15.3.2
409 silly placeDep ROOT @next/swc-darwin-arm64@15.3.2 OK for: next@15.3.2 want: 15.3.2
410 silly placeDep ROOT @next/swc-darwin-x64@15.3.2 OK for: next@15.3.2 want: 15.3.2
411 silly placeDep ROOT @next/swc-linux-arm64-gnu@15.3.2 OK for: next@15.3.2 want: 15.3.2
412 silly placeDep ROOT @next/swc-linux-arm64-musl@15.3.2 OK for: next@15.3.2 want: 15.3.2
413 silly placeDep ROOT @next/swc-linux-x64-gnu@15.3.2 OK for: next@15.3.2 want: 15.3.2
414 silly placeDep ROOT @next/swc-linux-x64-musl@15.3.2 OK for: next@15.3.2 want: 15.3.2
415 silly placeDep ROOT @next/swc-win32-arm64-msvc@15.3.2 OK for: next@15.3.2 want: 15.3.2
416 silly placeDep ROOT @next/swc-win32-x64-msvc@15.3.2 OK for: next@15.3.2 want: 15.3.2
417 silly placeDep ROOT @swc/counter@0.1.3 OK for: next@15.3.2 want: 0.1.3
418 silly placeDep ROOT @swc/helpers@0.5.15 OK for: next@15.3.2 want: 0.5.15
419 silly placeDep ROOT busboy@1.6.0 OK for: next@15.3.2 want: 1.6.0
420 silly placeDep ROOT caniuse-lite@1.0.30001717 OK for: next@15.3.2 want: ^1.0.30001579
421 silly placeDep node_modules/next postcss@8.4.31 OK for: next@15.3.2 want: 8.4.31
422 silly placeDep ROOT sharp@0.34.1 OK for: next@15.3.2 want: ^0.34.1
423 silly placeDep ROOT styled-jsx@5.1.6 OK for: next@15.3.2 want: 5.1.6
424 silly fetch manifest tslib@^2.8.0
425 silly packumentCache full:https://registry.npmjs.org/tslib cache-miss
426 http fetch GET 200 https://registry.npmjs.org/tslib 27ms (cache miss)
427 silly packumentCache full:https://registry.npmjs.org/tslib set size:undefined disposed:false
428 silly fetch manifest streamsearch@^1.1.0
429 silly packumentCache full:https://registry.npmjs.org/streamsearch cache-miss
430 http fetch GET 200 https://registry.npmjs.org/streamsearch 25ms (cache miss)
431 silly packumentCache full:https://registry.npmjs.org/streamsearch set size:undefined disposed:false
432 silly fetch manifest nanoid@^3.3.6
433 silly packumentCache full:https://registry.npmjs.org/nanoid cache-miss
434 http cache https://registry.npmjs.org/nanoid 3ms (cache hit)
435 silly packumentCache full:https://registry.npmjs.org/nanoid set size:296547 disposed:false
436 silly fetch manifest picocolors@^1.0.0
437 silly packumentCache full:https://registry.npmjs.org/picocolors cache-miss
438 http cache https://registry.npmjs.org/picocolors 2ms (cache hit)
439 silly packumentCache full:https://registry.npmjs.org/picocolors set size:16648 disposed:false
440 silly fetch manifest color@^4.2.3
441 silly packumentCache full:https://registry.npmjs.org/color cache-miss
442 http fetch GET 200 https://registry.npmjs.org/color 35ms (cache miss)
443 silly packumentCache full:https://registry.npmjs.org/color set size:undefined disposed:false
444 silly fetch manifest semver@^7.7.1
445 silly packumentCache full:https://registry.npmjs.org/semver cache-miss
446 http fetch GET 200 https://registry.npmjs.org/semver 26ms (cache miss)
447 silly packumentCache full:https://registry.npmjs.org/semver set size:undefined disposed:false
448 silly fetch manifest @img/sharp-darwin-arm64@0.34.1
449 silly packumentCache full:https://registry.npmjs.org/@img%2fsharp-darwin-arm64 cache-miss
450 http fetch GET 200 https://registry.npmjs.org/@img%2fsharp-darwin-arm64 38ms (cache miss)
451 silly packumentCache full:https://registry.npmjs.org/@img%2fsharp-darwin-arm64 set size:undefined disposed:false
452 silly fetch manifest @img/sharp-darwin-x64@0.34.1
453 silly packumentCache full:https://registry.npmjs.org/@img%2fsharp-darwin-x64 cache-miss
454 http fetch GET 200 https://registry.npmjs.org/@img%2fsharp-darwin-x64 48ms (cache miss)
455 silly packumentCache full:https://registry.npmjs.org/@img%2fsharp-darwin-x64 set size:undefined disposed:false
456 silly fetch manifest @img/sharp-libvips-darwin-arm64@1.1.0
457 silly packumentCache full:https://registry.npmjs.org/@img%2fsharp-libvips-darwin-arm64 cache-miss
458 http fetch GET 200 https://registry.npmjs.org/@img%2fsharp-libvips-darwin-arm64 54ms (cache miss)
459 silly packumentCache full:https://registry.npmjs.org/@img%2fsharp-libvips-darwin-arm64 set size:undefined disposed:false
460 silly fetch manifest @img/sharp-libvips-darwin-x64@1.1.0
461 silly packumentCache full:https://registry.npmjs.org/@img%2fsharp-libvips-darwin-x64 cache-miss
462 http fetch GET 200 https://registry.npmjs.org/@img%2fsharp-libvips-darwin-x64 66ms (cache miss)
463 silly packumentCache full:https://registry.npmjs.org/@img%2fsharp-libvips-darwin-x64 set size:undefined disposed:false
464 silly fetch manifest @img/sharp-libvips-linux-arm@1.1.0
465 silly packumentCache full:https://registry.npmjs.org/@img%2fsharp-libvips-linux-arm cache-miss
466 http fetch GET 200 https://registry.npmjs.org/@img%2fsharp-libvips-linux-arm 39ms (cache miss)
467 silly packumentCache full:https://registry.npmjs.org/@img%2fsharp-libvips-linux-arm set size:undefined disposed:false
468 silly fetch manifest @img/sharp-libvips-linux-arm64@1.1.0
469 silly packumentCache full:https://registry.npmjs.org/@img%2fsharp-libvips-linux-arm64 cache-miss
470 http fetch GET 200 https://registry.npmjs.org/@img%2fsharp-libvips-linux-arm64 45ms (cache miss)
471 silly packumentCache full:https://registry.npmjs.org/@img%2fsharp-libvips-linux-arm64 set size:undefined disposed:false
472 silly fetch manifest @img/sharp-libvips-linux-ppc64@1.1.0
473 silly packumentCache full:https://registry.npmjs.org/@img%2fsharp-libvips-linux-ppc64 cache-miss
474 http fetch GET 200 https://registry.npmjs.org/@img%2fsharp-libvips-linux-ppc64 48ms (cache miss)
475 silly packumentCache full:https://registry.npmjs.org/@img%2fsharp-libvips-linux-ppc64 set size:undefined disposed:false
476 silly fetch manifest @img/sharp-libvips-linux-s390x@1.1.0
477 silly packumentCache full:https://registry.npmjs.org/@img%2fsharp-libvips-linux-s390x cache-miss
478 http fetch GET 200 https://registry.npmjs.org/@img%2fsharp-libvips-linux-s390x 44ms (cache miss)
479 silly packumentCache full:https://registry.npmjs.org/@img%2fsharp-libvips-linux-s390x set size:undefined disposed:false
480 silly fetch manifest @img/sharp-libvips-linux-x64@1.1.0
481 silly packumentCache full:https://registry.npmjs.org/@img%2fsharp-libvips-linux-x64 cache-miss
482 http fetch GET 200 https://registry.npmjs.org/@img%2fsharp-libvips-linux-x64 57ms (cache miss)
483 silly packumentCache full:https://registry.npmjs.org/@img%2fsharp-libvips-linux-x64 set size:undefined disposed:false
484 silly fetch manifest @img/sharp-libvips-linuxmusl-arm64@1.1.0
485 silly packumentCache full:https://registry.npmjs.org/@img%2fsharp-libvips-linuxmusl-arm64 cache-miss
486 http fetch GET 200 https://registry.npmjs.org/@img%2fsharp-libvips-linuxmusl-arm64 51ms (cache miss)
487 silly packumentCache full:https://registry.npmjs.org/@img%2fsharp-libvips-linuxmusl-arm64 set size:undefined disposed:false
488 silly fetch manifest @img/sharp-libvips-linuxmusl-x64@1.1.0
489 silly packumentCache full:https://registry.npmjs.org/@img%2fsharp-libvips-linuxmusl-x64 cache-miss
490 http fetch GET 200 https://registry.npmjs.org/@img%2fsharp-libvips-linuxmusl-x64 78ms (cache miss)
491 silly packumentCache full:https://registry.npmjs.org/@img%2fsharp-libvips-linuxmusl-x64 set size:undefined disposed:false
492 silly fetch manifest @img/sharp-linux-arm@0.34.1
493 silly packumentCache full:https://registry.npmjs.org/@img%2fsharp-linux-arm cache-miss
494 http fetch GET 200 https://registry.npmjs.org/@img%2fsharp-linux-arm 58ms (cache miss)
495 silly packumentCache full:https://registry.npmjs.org/@img%2fsharp-linux-arm set size:undefined disposed:false
496 silly fetch manifest @img/sharp-linux-arm64@0.34.1
497 silly packumentCache full:https://registry.npmjs.org/@img%2fsharp-linux-arm64 cache-miss
498 http fetch GET 200 https://registry.npmjs.org/@img%2fsharp-linux-arm64 75ms (cache miss)
499 silly packumentCache full:https://registry.npmjs.org/@img%2fsharp-linux-arm64 set size:undefined disposed:false
500 silly fetch manifest @img/sharp-linux-s390x@0.34.1
501 silly packumentCache full:https://registry.npmjs.org/@img%2fsharp-linux-s390x cache-miss
502 http fetch GET 200 https://registry.npmjs.org/@img%2fsharp-linux-s390x 52ms (cache miss)
503 silly packumentCache full:https://registry.npmjs.org/@img%2fsharp-linux-s390x set size:undefined disposed:false
504 silly fetch manifest @img/sharp-linux-x64@0.34.1
505 silly packumentCache full:https://registry.npmjs.org/@img%2fsharp-linux-x64 cache-miss
506 http fetch GET 200 https://registry.npmjs.org/@img%2fsharp-linux-x64 76ms (cache miss)
507 silly packumentCache full:https://registry.npmjs.org/@img%2fsharp-linux-x64 set size:undefined disposed:false
508 silly fetch manifest @img/sharp-linuxmusl-arm64@0.34.1
509 silly packumentCache full:https://registry.npmjs.org/@img%2fsharp-linuxmusl-arm64 cache-miss
510 http fetch GET 200 https://registry.npmjs.org/@img%2fsharp-linuxmusl-arm64 69ms (cache miss)
511 silly packumentCache full:https://registry.npmjs.org/@img%2fsharp-linuxmusl-arm64 set size:undefined disposed:false
512 silly fetch manifest @img/sharp-linuxmusl-x64@0.34.1
513 silly packumentCache full:https://registry.npmjs.org/@img%2fsharp-linuxmusl-x64 cache-miss
514 http fetch GET 200 https://registry.npmjs.org/@img%2fsharp-linuxmusl-x64 66ms (cache miss)
515 silly packumentCache full:https://registry.npmjs.org/@img%2fsharp-linuxmusl-x64 set size:undefined disposed:false
516 silly fetch manifest @img/sharp-wasm32@0.34.1
517 silly packumentCache full:https://registry.npmjs.org/@img%2fsharp-wasm32 cache-miss
518 http fetch GET 200 https://registry.npmjs.org/@img%2fsharp-wasm32 64ms (cache miss)
519 silly packumentCache full:https://registry.npmjs.org/@img%2fsharp-wasm32 set size:undefined disposed:false
520 silly fetch manifest @img/sharp-win32-ia32@0.34.1
521 silly packumentCache full:https://registry.npmjs.org/@img%2fsharp-win32-ia32 cache-miss
522 http fetch GET 200 https://registry.npmjs.org/@img%2fsharp-win32-ia32 59ms (cache miss)
523 silly packumentCache full:https://registry.npmjs.org/@img%2fsharp-win32-ia32 set size:undefined disposed:false
524 silly fetch manifest @img/sharp-win32-x64@0.34.1
525 silly packumentCache full:https://registry.npmjs.org/@img%2fsharp-win32-x64 cache-miss
526 http fetch GET 200 https://registry.npmjs.org/@img%2fsharp-win32-x64 68ms (cache miss)
527 silly packumentCache full:https://registry.npmjs.org/@img%2fsharp-win32-x64 set size:undefined disposed:false
528 silly fetch manifest client-only@0.0.1
529 silly packumentCache full:https://registry.npmjs.org/client-only cache-miss
530 http fetch GET 200 https://registry.npmjs.org/client-only 24ms (cache miss)
531 silly packumentCache full:https://registry.npmjs.org/client-only set size:undefined disposed:false
532 silly placeDep ROOT tslib@2.8.1 OK for: @swc/helpers@0.5.15 want: ^2.8.0
533 silly placeDep ROOT streamsearch@1.1.0 OK for: busboy@1.6.0 want: ^1.1.0
534 silly placeDep ROOT nanoid@3.3.11 OK for: postcss@8.5.3 want: ^3.3.8
535 silly placeDep ROOT picocolors@1.1.1 OK for: postcss@8.5.3 want: ^1.1.1
536 silly placeDep ROOT scheduler@0.26.0 OK for: react-dom@19.1.0 want: ^0.26.0
537 silly placeDep ROOT @img/sharp-darwin-arm64@0.34.1 OK for: sharp@0.34.1 want: 0.34.1
538 silly placeDep ROOT @img/sharp-darwin-x64@0.34.1 OK for: sharp@0.34.1 want: 0.34.1
539 silly placeDep ROOT @img/sharp-libvips-darwin-arm64@1.1.0 OK for: sharp@0.34.1 want: 1.1.0
540 silly placeDep ROOT @img/sharp-libvips-darwin-x64@1.1.0 OK for: sharp@0.34.1 want: 1.1.0
541 silly placeDep ROOT @img/sharp-libvips-linux-arm@1.1.0 OK for: sharp@0.34.1 want: 1.1.0
542 silly placeDep ROOT @img/sharp-libvips-linux-arm64@1.1.0 OK for: sharp@0.34.1 want: 1.1.0
543 silly placeDep ROOT @img/sharp-libvips-linux-ppc64@1.1.0 OK for: sharp@0.34.1 want: 1.1.0
544 silly placeDep ROOT @img/sharp-libvips-linux-s390x@1.1.0 OK for: sharp@0.34.1 want: 1.1.0
545 silly placeDep ROOT @img/sharp-libvips-linux-x64@1.1.0 OK for: sharp@0.34.1 want: 1.1.0
546 silly placeDep ROOT @img/sharp-libvips-linuxmusl-arm64@1.1.0 OK for: sharp@0.34.1 want: 1.1.0
547 silly placeDep ROOT @img/sharp-libvips-linuxmusl-x64@1.1.0 OK for: sharp@0.34.1 want: 1.1.0
548 silly placeDep ROOT @img/sharp-linux-arm@0.34.1 OK for: sharp@0.34.1 want: 0.34.1
549 silly placeDep ROOT @img/sharp-linux-arm64@0.34.1 OK for: sharp@0.34.1 want: 0.34.1
550 silly placeDep ROOT @img/sharp-linux-s390x@0.34.1 OK for: sharp@0.34.1 want: 0.34.1
551 silly placeDep ROOT @img/sharp-linux-x64@0.34.1 OK for: sharp@0.34.1 want: 0.34.1
552 silly placeDep ROOT @img/sharp-linuxmusl-arm64@0.34.1 OK for: sharp@0.34.1 want: 0.34.1
553 silly placeDep ROOT @img/sharp-linuxmusl-x64@0.34.1 OK for: sharp@0.34.1 want: 0.34.1
554 silly placeDep ROOT @img/sharp-wasm32@0.34.1 OK for: sharp@0.34.1 want: 0.34.1
555 silly placeDep ROOT @img/sharp-win32-ia32@0.34.1 OK for: sharp@0.34.1 want: 0.34.1
556 silly placeDep ROOT @img/sharp-win32-x64@0.34.1 OK for: sharp@0.34.1 want: 0.34.1
557 silly placeDep ROOT color@4.2.3 OK for: sharp@0.34.1 want: ^4.2.3
558 silly placeDep ROOT semver@7.7.1 OK for: sharp@0.34.1 want: ^7.7.1
559 silly fetch manifest @emnapi/runtime@^1.4.0
560 silly packumentCache full:https://registry.npmjs.org/@emnapi%2fruntime cache-miss
561 http fetch GET 200 https://registry.npmjs.org/@emnapi%2fruntime 63ms (cache miss)
562 silly packumentCache full:https://registry.npmjs.org/@emnapi%2fruntime set size:undefined disposed:false
563 silly fetch manifest color-string@^1.9.0
564 silly packumentCache full:https://registry.npmjs.org/color-string cache-miss
565 http fetch GET 200 https://registry.npmjs.org/color-string 27ms (cache miss)
566 silly packumentCache full:https://registry.npmjs.org/color-string set size:undefined disposed:false
567 silly fetch manifest color-convert@^2.0.1
568 silly packumentCache full:https://registry.npmjs.org/color-convert cache-miss
569 http fetch GET 200 https://registry.npmjs.org/color-convert 25ms (cache miss)
570 silly packumentCache full:https://registry.npmjs.org/color-convert set size:undefined disposed:false
571 silly placeDep ROOT @emnapi/runtime@1.4.3 OK for: @img/sharp-wasm32@0.34.1 want: ^1.4.0
572 silly placeDep ROOT color-convert@2.0.1 OK for: color@4.2.3 want: ^2.0.1
573 silly placeDep ROOT color-string@1.9.1 OK for: color@4.2.3 want: ^1.9.0
574 silly fetch manifest color-name@~1.1.4
575 silly packumentCache full:https://registry.npmjs.org/color-name cache-miss
576 http fetch GET 200 https://registry.npmjs.org/color-name 30ms (cache miss)
577 silly packumentCache full:https://registry.npmjs.org/color-name set size:undefined disposed:false
578 silly fetch manifest color-name@^1.0.0
579 silly packumentCache full:https://registry.npmjs.org/color-name cache-miss
580 http cache https://registry.npmjs.org/color-name 2ms (cache hit)
581 silly packumentCache full:https://registry.npmjs.org/color-name set size:16325 disposed:false
582 silly fetch manifest simple-swizzle@^0.2.2
583 silly packumentCache full:https://registry.npmjs.org/simple-swizzle cache-miss
584 http fetch GET 200 https://registry.npmjs.org/simple-swizzle 40ms (cache miss)
585 silly packumentCache full:https://registry.npmjs.org/simple-swizzle set size:undefined disposed:false
586 silly placeDep ROOT color-name@1.1.4 OK for: color-convert@2.0.1 want: ~1.1.4
587 silly placeDep ROOT simple-swizzle@0.2.2 OK for: color-string@1.9.1 want: ^0.2.2
588 silly fetch manifest is-arrayish@^0.3.1
589 silly packumentCache full:https://registry.npmjs.org/is-arrayish cache-miss
590 http fetch GET 200 https://registry.npmjs.org/is-arrayish 26ms (cache miss)
591 silly packumentCache full:https://registry.npmjs.org/is-arrayish set size:undefined disposed:false
592 silly placeDep ROOT is-arrayish@0.3.2 OK for: simple-swizzle@0.2.2 want: ^0.3.1
593 silly placeDep ROOT client-only@0.0.1 OK for: styled-jsx@5.1.6 want: 0.0.1
594 silly placeDep ROOT @isaacs/fs-minipass@4.0.1 OK for: tar@7.4.3 want: ^4.0.0
595 silly placeDep ROOT chownr@3.0.0 OK for: tar@7.4.3 want: ^3.0.0
596 silly placeDep ROOT minipass@7.1.2 OK for: tar@7.4.3 want: ^7.1.2
597 silly placeDep ROOT minizlib@3.0.2 OK for: tar@7.4.3 want: ^3.0.1
598 silly placeDep ROOT mkdirp@3.0.1 OK for: tar@7.4.3 want: ^3.0.1
599 silly placeDep ROOT yallist@5.0.0 OK for: tar@7.4.3 want: ^5.0.0
600 silly fetch manifest minipass@^7.0.4
601 silly packumentCache full:https://registry.npmjs.org/minipass cache-miss
602 http cache https://registry.npmjs.org/minipass 4ms (cache hit)
603 silly packumentCache full:https://registry.npmjs.org/minipass set size:490195 disposed:false
604 silly reify moves {}
605 verbose reify failed optional dependency /app/workspace/todo-app/node_modules/@tailwindcss/oxide-wasm32-wasi
606 silly reify mark deleted [
606 silly reify   '/app/workspace/todo-app/node_modules/@tailwindcss/oxide-wasm32-wasi'
606 silly reify ]
607 silly audit bulk request {
607 silly audit   '@tailwindcss/postcss': [ '4.1.6' ],
607 silly audit   '@types/node': [ '20.17.46' ],
607 silly audit   '@types/react': [ '19.1.3' ],
607 silly audit   '@types/react-dom': [ '19.1.3' ],
607 silly audit   next: [ '15.3.2' ],
607 silly audit   react: [ '19.1.0' ],
607 silly audit   'react-dom': [ '19.1.0' ],
607 silly audit   tailwindcss: [ '4.1.6' ],
607 silly audit   typescript: [ '5.8.3' ],
607 silly audit   '@alloc/quick-lru': [ '5.2.0' ],
607 silly audit   '@tailwindcss/node': [ '4.1.6' ],
607 silly audit   '@tailwindcss/oxide': [ '4.1.6' ],
607 silly audit   postcss: [ '8.5.3', '8.4.31' ],
607 silly audit   '@ampproject/remapping': [ '2.3.0' ],
607 silly audit   'enhanced-resolve': [ '5.18.1' ],
607 silly audit   jiti: [ '2.4.2' ],
607 silly audit   lightningcss: [ '1.29.2' ],
607 silly audit   'magic-string': [ '0.30.17' ],
607 silly audit   'source-map-js': [ '1.2.1' ],
607 silly audit   '@jridgewell/gen-mapping': [ '0.3.8' ],
607 silly audit   '@jridgewell/trace-mapping': [ '0.3.25' ],
607 silly audit   '@jridgewell/set-array': [ '1.2.1' ],
607 silly audit   '@jridgewell/sourcemap-codec': [ '1.5.0' ],
607 silly audit   '@jridgewell/resolve-uri': [ '3.1.2' ],
607 silly audit   '@tailwindcss/oxide-android-arm64': [ '4.1.6' ],
607 silly audit   '@tailwindcss/oxide-darwin-arm64': [ '4.1.6' ],
607 silly audit   '@tailwindcss/oxide-darwin-x64': [ '4.1.6' ],
607 silly audit   '@tailwindcss/oxide-freebsd-x64': [ '4.1.6' ],
607 silly audit   '@tailwindcss/oxide-linux-arm-gnueabihf': [ '4.1.6' ],
607 silly audit   '@tailwindcss/oxide-linux-arm64-gnu': [ '4.1.6' ],
607 silly audit   '@tailwindcss/oxide-linux-arm64-musl': [ '4.1.6' ],
607 silly audit   '@tailwindcss/oxide-linux-x64-gnu': [ '4.1.6' ],
607 silly audit   '@tailwindcss/oxide-linux-x64-musl': [ '4.1.6' ],
607 silly audit   '@tailwindcss/oxide-win32-arm64-msvc': [ '4.1.6' ],
607 silly audit   '@tailwindcss/oxide-win32-x64-msvc': [ '4.1.6' ],
607 silly audit   'detect-libc': [ '2.0.4' ],
607 silly audit   tar: [ '7.4.3' ],
607 silly audit   'undici-types': [ '6.19.8' ],
607 silly audit   csstype: [ '3.1.3' ],
607 silly audit   'graceful-fs': [ '4.2.11' ],
607 silly audit   tapable: [ '2.2.1' ],
607 silly audit   'lightningcss-darwin-arm64': [ '1.29.2' ],
607 silly audit   'lightningcss-darwin-x64': [ '1.29.2' ],
607 silly audit   'lightningcss-freebsd-x64': [ '1.29.2' ],
607 silly audit   'lightningcss-linux-arm-gnueabihf': [ '1.29.2' ],
607 silly audit   'lightningcss-linux-arm64-gnu': [ '1.29.2' ],
607 silly audit   'lightningcss-linux-arm64-musl': [ '1.29.2' ],
607 silly audit   'lightningcss-linux-x64-gnu': [ '1.29.2' ],
607 silly audit   'lightningcss-linux-x64-musl': [ '1.29.2' ],
607 silly audit   'lightningcss-win32-arm64-msvc': [ '1.29.2' ],
607 silly audit   'lightningcss-win32-x64-msvc': [ '1.29.2' ],
607 silly audit   '@next/env': [ '15.3.2' ],
607 silly audit   '@next/swc-darwin-arm64': [ '15.3.2' ],
607 silly audit   '@next/swc-darwin-x64': [ '15.3.2' ],
607 silly audit   '@next/swc-linux-arm64-gnu': [ '15.3.2' ],
607 silly audit   '@next/swc-linux-arm64-musl': [ '15.3.2' ],
607 silly audit   '@next/swc-linux-x64-gnu': [ '15.3.2' ],
607 silly audit   '@next/swc-linux-x64-musl': [ '15.3.2' ],
607 silly audit   '@next/swc-win32-arm64-msvc': [ '15.3.2' ],
607 silly audit   '@next/swc-win32-x64-msvc': [ '15.3.2' ],
607 silly audit   '@swc/counter': [ '0.1.3' ],
607 silly audit   '@swc/helpers': [ '0.5.15' ],
607 silly audit   busboy: [ '1.6.0' ],
607 silly audit   'caniuse-lite': [ '1.0.30001717' ],
607 silly audit   sharp: [ '0.34.1' ],
607 silly audit   'styled-jsx': [ '5.1.6' ],
607 silly audit   tslib: [ '2.8.1' ],
607 silly audit   streamsearch: [ '1.1.0' ],
607 silly audit   nanoid: [ '3.3.11' ],
607 silly audit   picocolors: [ '1.1.1' ],
607 silly audit   scheduler: [ '0.26.0' ],
607 silly audit   '@img/sharp-darwin-arm64': [ '0.34.1' ],
607 silly audit   '@img/sharp-darwin-x64': [ '0.34.1' ],
607 silly audit   '@img/sharp-libvips-darwin-arm64': [ '1.1.0' ],
607 silly audit   '@img/sharp-libvips-darwin-x64': [ '1.1.0' ],
607 silly audit   '@img/sharp-libvips-linux-arm': [ '1.1.0' ],
607 silly audit   '@img/sharp-libvips-linux-arm64': [ '1.1.0' ],
607 silly audit   '@img/sharp-libvips-linux-ppc64': [ '1.1.0' ],
607 silly audit   '@img/sharp-libvips-linux-s390x': [ '1.1.0' ],
607 silly audit   '@img/sharp-libvips-linux-x64': [ '1.1.0' ],
607 silly audit   '@img/sharp-libvips-linuxmusl-arm64': [ '1.1.0' ],
607 silly audit   '@img/sharp-libvips-linuxmusl-x64': [ '1.1.0' ],
607 silly audit   '@img/sharp-linux-arm': [ '0.34.1' ],
607 silly audit   '@img/sharp-linux-arm64': [ '0.34.1' ],
607 silly audit   '@img/sharp-linux-s390x': [ '0.34.1' ],
607 silly audit   '@img/sharp-linux-x64': [ '0.34.1' ],
607 silly audit   '@img/sharp-linuxmusl-arm64': [ '0.34.1' ],
607 silly audit   '@img/sharp-linuxmusl-x64': [ '0.34.1' ],
607 silly audit   '@img/sharp-wasm32': [ '0.34.1' ],
607 silly audit   '@img/sharp-win32-ia32': [ '0.34.1' ],
607 silly audit   '@img/sharp-win32-x64': [ '0.34.1' ],
607 silly audit   color: [ '4.2.3' ],
607 silly audit   semver: [ '7.7.1' ],
607 silly audit   '@emnapi/runtime': [ '1.4.3' ],
607 silly audit   'color-convert': [ '2.0.1' ],
607 silly audit   'color-string': [ '1.9.1' ],
607 silly audit   'color-name': [ '1.1.4' ],
607 silly audit   'simple-swizzle': [ '0.2.2' ],
607 silly audit   'is-arrayish': [ '0.3.2' ],
607 silly audit   'client-only': [ '0.0.1' ],
607 silly audit   '@isaacs/fs-minipass': [ '4.0.1' ],
607 silly audit   chownr: [ '3.0.0' ],
607 silly audit   minipass: [ '7.1.2' ],
607 silly audit   minizlib: [ '3.0.2' ],
607 silly audit   mkdirp: [ '3.0.1' ],
607 silly audit   yallist: [ '5.0.0' ],
607 silly audit   '@tailwindcss/oxide-wasm32-wasi': [ '4.1.6' ]
607 silly audit }
608 verbose reify failed optional dependency /app/workspace/todo-app/node_modules/@img/sharp-win32-x64
609 silly reify mark deleted [ '/app/workspace/todo-app/node_modules/@img/sharp-win32-x64' ]
610 verbose reify failed optional dependency /app/workspace/todo-app/node_modules/@img/sharp-win32-ia32
611 silly reify mark deleted [ '/app/workspace/todo-app/node_modules/@img/sharp-win32-ia32' ]
612 verbose reify failed optional dependency /app/workspace/todo-app/node_modules/@img/sharp-wasm32
613 silly reify mark deleted [ '/app/workspace/todo-app/node_modules/@img/sharp-wasm32' ]
614 verbose reify failed optional dependency /app/workspace/todo-app/node_modules/@img/sharp-linuxmusl-x64
615 silly reify mark deleted [ '/app/workspace/todo-app/node_modules/@img/sharp-linuxmusl-x64' ]
616 verbose reify failed optional dependency /app/workspace/todo-app/node_modules/@img/sharp-linuxmusl-arm64
617 silly reify mark deleted [ '/app/workspace/todo-app/node_modules/@img/sharp-linuxmusl-arm64' ]
618 verbose reify failed optional dependency /app/workspace/todo-app/node_modules/@img/sharp-linux-s390x
619 silly reify mark deleted [ '/app/workspace/todo-app/node_modules/@img/sharp-linux-s390x' ]
620 verbose reify failed optional dependency /app/workspace/todo-app/node_modules/@img/sharp-linux-arm64
621 silly reify mark deleted [ '/app/workspace/todo-app/node_modules/@img/sharp-linux-arm64' ]
622 verbose reify failed optional dependency /app/workspace/todo-app/node_modules/@img/sharp-linux-arm
623 silly reify mark deleted [ '/app/workspace/todo-app/node_modules/@img/sharp-linux-arm' ]
624 verbose reify failed optional dependency /app/workspace/todo-app/node_modules/@img/sharp-libvips-linuxmusl-x64
625 silly reify mark deleted [
625 silly reify   '/app/workspace/todo-app/node_modules/@img/sharp-libvips-linuxmusl-x64'
625 silly reify ]
626 verbose reify failed optional dependency /app/workspace/todo-app/node_modules/@img/sharp-libvips-linuxmusl-arm64
627 silly reify mark deleted [
627 silly reify   '/app/workspace/todo-app/node_modules/@img/sharp-libvips-linuxmusl-arm64'
627 silly reify ]
628 verbose reify failed optional dependency /app/workspace/todo-app/node_modules/@img/sharp-libvips-linux-s390x
629 silly reify mark deleted [
629 silly reify   '/app/workspace/todo-app/node_modules/@img/sharp-libvips-linux-s390x'
629 silly reify ]
630 verbose reify failed optional dependency /app/workspace/todo-app/node_modules/@img/sharp-libvips-linux-ppc64
631 silly reify mark deleted [
631 silly reify   '/app/workspace/todo-app/node_modules/@img/sharp-libvips-linux-ppc64'
631 silly reify ]
632 verbose reify failed optional dependency /app/workspace/todo-app/node_modules/@img/sharp-libvips-linux-arm64
633 silly reify mark deleted [
633 silly reify   '/app/workspace/todo-app/node_modules/@img/sharp-libvips-linux-arm64'
633 silly reify ]
634 verbose reify failed optional dependency /app/workspace/todo-app/node_modules/@img/sharp-libvips-linux-arm
635 silly reify mark deleted [ '/app/workspace/todo-app/node_modules/@img/sharp-libvips-linux-arm' ]
636 verbose reify failed optional dependency /app/workspace/todo-app/node_modules/@img/sharp-libvips-darwin-x64
637 silly reify mark deleted [
637 silly reify   '/app/workspace/todo-app/node_modules/@img/sharp-libvips-darwin-x64'
637 silly reify ]
638 verbose reify failed optional dependency /app/workspace/todo-app/node_modules/@img/sharp-libvips-darwin-arm64
639 silly reify mark deleted [
639 silly reify   '/app/workspace/todo-app/node_modules/@img/sharp-libvips-darwin-arm64'
639 silly reify ]
640 verbose reify failed optional dependency /app/workspace/todo-app/node_modules/@img/sharp-darwin-x64
641 silly reify mark deleted [ '/app/workspace/todo-app/node_modules/@img/sharp-darwin-x64' ]
642 verbose reify failed optional dependency /app/workspace/todo-app/node_modules/@img/sharp-darwin-arm64
643 silly reify mark deleted [ '/app/workspace/todo-app/node_modules/@img/sharp-darwin-arm64' ]
644 verbose reify failed optional dependency /app/workspace/todo-app/node_modules/@next/swc-win32-x64-msvc
645 silly reify mark deleted [ '/app/workspace/todo-app/node_modules/@next/swc-win32-x64-msvc' ]
646 verbose reify failed optional dependency /app/workspace/todo-app/node_modules/@next/swc-win32-arm64-msvc
647 silly reify mark deleted [ '/app/workspace/todo-app/node_modules/@next/swc-win32-arm64-msvc' ]
648 verbose reify failed optional dependency /app/workspace/todo-app/node_modules/@next/swc-linux-x64-musl
649 silly reify mark deleted [ '/app/workspace/todo-app/node_modules/@next/swc-linux-x64-musl' ]
650 verbose reify failed optional dependency /app/workspace/todo-app/node_modules/@next/swc-linux-arm64-musl
651 silly reify mark deleted [ '/app/workspace/todo-app/node_modules/@next/swc-linux-arm64-musl' ]
652 verbose reify failed optional dependency /app/workspace/todo-app/node_modules/@next/swc-linux-arm64-gnu
653 silly reify mark deleted [ '/app/workspace/todo-app/node_modules/@next/swc-linux-arm64-gnu' ]
654 verbose reify failed optional dependency /app/workspace/todo-app/node_modules/@next/swc-darwin-x64
655 silly reify mark deleted [ '/app/workspace/todo-app/node_modules/@next/swc-darwin-x64' ]
656 verbose reify failed optional dependency /app/workspace/todo-app/node_modules/@next/swc-darwin-arm64
657 silly reify mark deleted [ '/app/workspace/todo-app/node_modules/@next/swc-darwin-arm64' ]
658 verbose reify failed optional dependency /app/workspace/todo-app/node_modules/lightningcss-win32-x64-msvc
659 silly reify mark deleted [ '/app/workspace/todo-app/node_modules/lightningcss-win32-x64-msvc' ]
660 verbose reify failed optional dependency /app/workspace/todo-app/node_modules/lightningcss-win32-arm64-msvc
661 silly reify mark deleted [
661 silly reify   '/app/workspace/todo-app/node_modules/lightningcss-win32-arm64-msvc'
661 silly reify ]
662 verbose reify failed optional dependency /app/workspace/todo-app/node_modules/lightningcss-linux-x64-musl
663 silly reify mark deleted [ '/app/workspace/todo-app/node_modules/lightningcss-linux-x64-musl' ]
664 verbose reify failed optional dependency /app/workspace/todo-app/node_modules/lightningcss-linux-arm64-musl
665 silly reify mark deleted [
665 silly reify   '/app/workspace/todo-app/node_modules/lightningcss-linux-arm64-musl'
665 silly reify ]
666 verbose reify failed optional dependency /app/workspace/todo-app/node_modules/lightningcss-linux-arm64-gnu
667 silly reify mark deleted [ '/app/workspace/todo-app/node_modules/lightningcss-linux-arm64-gnu' ]
668 verbose reify failed optional dependency /app/workspace/todo-app/node_modules/lightningcss-linux-arm-gnueabihf
669 silly reify mark deleted [
669 silly reify   '/app/workspace/todo-app/node_modules/lightningcss-linux-arm-gnueabihf'
669 silly reify ]
670 verbose reify failed optional dependency /app/workspace/todo-app/node_modules/lightningcss-freebsd-x64
671 silly reify mark deleted [ '/app/workspace/todo-app/node_modules/lightningcss-freebsd-x64' ]
672 verbose reify failed optional dependency /app/workspace/todo-app/node_modules/lightningcss-darwin-x64
673 silly reify mark deleted [ '/app/workspace/todo-app/node_modules/lightningcss-darwin-x64' ]
674 verbose reify failed optional dependency /app/workspace/todo-app/node_modules/lightningcss-darwin-arm64
675 silly reify mark deleted [ '/app/workspace/todo-app/node_modules/lightningcss-darwin-arm64' ]
676 verbose reify failed optional dependency /app/workspace/todo-app/node_modules/@tailwindcss/oxide-win32-x64-msvc
677 silly reify mark deleted [
677 silly reify   '/app/workspace/todo-app/node_modules/@tailwindcss/oxide-win32-x64-msvc'
677 silly reify ]
678 verbose reify failed optional dependency /app/workspace/todo-app/node_modules/@tailwindcss/oxide-win32-arm64-msvc
679 silly reify mark deleted [
679 silly reify   '/app/workspace/todo-app/node_modules/@tailwindcss/oxide-win32-arm64-msvc'
679 silly reify ]
680 verbose reify failed optional dependency /app/workspace/todo-app/node_modules/@tailwindcss/oxide-linux-x64-musl
681 silly reify mark deleted [
681 silly reify   '/app/workspace/todo-app/node_modules/@tailwindcss/oxide-linux-x64-musl'
681 silly reify ]
682 verbose reify failed optional dependency /app/workspace/todo-app/node_modules/@tailwindcss/oxide-linux-arm64-musl
683 silly reify mark deleted [
683 silly reify   '/app/workspace/todo-app/node_modules/@tailwindcss/oxide-linux-arm64-musl'
683 silly reify ]
684 verbose reify failed optional dependency /app/workspace/todo-app/node_modules/@tailwindcss/oxide-linux-arm64-gnu
685 silly reify mark deleted [
685 silly reify   '/app/workspace/todo-app/node_modules/@tailwindcss/oxide-linux-arm64-gnu'
685 silly reify ]
686 verbose reify failed optional dependency /app/workspace/todo-app/node_modules/@tailwindcss/oxide-linux-arm-gnueabihf
687 silly reify mark deleted [
687 silly reify   '/app/workspace/todo-app/node_modules/@tailwindcss/oxide-linux-arm-gnueabihf'
687 silly reify ]
688 verbose reify failed optional dependency /app/workspace/todo-app/node_modules/@tailwindcss/oxide-freebsd-x64
689 silly reify mark deleted [
689 silly reify   '/app/workspace/todo-app/node_modules/@tailwindcss/oxide-freebsd-x64'
689 silly reify ]
690 verbose reify failed optional dependency /app/workspace/todo-app/node_modules/@tailwindcss/oxide-darwin-x64
691 silly reify mark deleted [
691 silly reify   '/app/workspace/todo-app/node_modules/@tailwindcss/oxide-darwin-x64'
691 silly reify ]
692 verbose reify failed optional dependency /app/workspace/todo-app/node_modules/@tailwindcss/oxide-darwin-arm64
693 silly reify mark deleted [
693 silly reify   '/app/workspace/todo-app/node_modules/@tailwindcss/oxide-darwin-arm64'
693 silly reify ]
694 verbose reify failed optional dependency /app/workspace/todo-app/node_modules/@tailwindcss/oxide-android-arm64
695 silly reify mark deleted [
695 silly reify   '/app/workspace/todo-app/node_modules/@tailwindcss/oxide-android-arm64'
695 silly reify ]
696 http cache yallist@https://registry.npmjs.org/yallist/-/yallist-5.0.0.tgz 0ms (cache hit)
697 http cache minipass@https://registry.npmjs.org/minipass/-/minipass-7.1.2.tgz 0ms (cache hit)
698 http cache @isaacs/fs-minipass@https://registry.npmjs.org/@isaacs/fs-minipass/-/fs-minipass-4.0.1.tgz 0ms (cache hit)
699 http cache mkdirp@https://registry.npmjs.org/mkdirp/-/mkdirp-3.0.1.tgz 0ms (cache hit)
700 http cache minizlib@https://registry.npmjs.org/minizlib/-/minizlib-3.0.2.tgz 0ms (cache hit)
701 http cache chownr@https://registry.npmjs.org/chownr/-/chownr-3.0.0.tgz 0ms (cache hit)
702 http cache is-arrayish@https://registry.npmjs.org/is-arrayish/-/is-arrayish-0.3.2.tgz 0ms (cache hit)
703 http cache color-name@https://registry.npmjs.org/color-name/-/color-name-1.1.4.tgz 0ms (cache hit)
704 http cache simple-swizzle@https://registry.npmjs.org/simple-swizzle/-/simple-swizzle-0.2.2.tgz 0ms (cache hit)
705 http cache color-convert@https://registry.npmjs.org/color-convert/-/color-convert-2.0.1.tgz 0ms (cache hit)
706 http cache @emnapi/runtime@https://registry.npmjs.org/@emnapi/runtime/-/runtime-1.4.3.tgz 0ms (cache hit)
707 http cache color-string@https://registry.npmjs.org/color-string/-/color-string-1.9.1.tgz 0ms (cache hit)
708 http cache client-only@https://registry.npmjs.org/client-only/-/client-only-0.0.1.tgz 0ms (cache hit)
709 http cache semver@https://registry.npmjs.org/semver/-/semver-7.7.1.tgz 0ms (cache hit)
710 http cache color@https://registry.npmjs.org/color/-/color-4.2.3.tgz 0ms (cache hit)
711 http cache @img/sharp-linux-x64@https://registry.npmjs.org/@img/sharp-linux-x64/-/sharp-linux-x64-0.34.1.tgz 0ms (cache hit)
712 http cache @img/sharp-libvips-linux-x64@https://registry.npmjs.org/@img/sharp-libvips-linux-x64/-/sharp-libvips-linux-x64-1.1.0.tgz 0ms (cache hit)
713 http cache scheduler@https://registry.npmjs.org/scheduler/-/scheduler-0.26.0.tgz 0ms (cache hit)
714 http cache tslib@https://registry.npmjs.org/tslib/-/tslib-2.8.1.tgz 0ms (cache hit)
715 http cache picocolors@https://registry.npmjs.org/picocolors/-/picocolors-1.1.1.tgz 0ms (cache hit)
716 http cache nanoid@https://registry.npmjs.org/nanoid/-/nanoid-3.3.11.tgz 0ms (cache hit)
717 http cache streamsearch@https://registry.npmjs.org/streamsearch/-/streamsearch-1.1.0.tgz 0ms (cache hit)
718 http cache styled-jsx@https://registry.npmjs.org/styled-jsx/-/styled-jsx-5.1.6.tgz 0ms (cache hit)
719 http cache busboy@https://registry.npmjs.org/busboy/-/busboy-1.6.0.tgz 0ms (cache hit)
720 http cache sharp@https://registry.npmjs.org/sharp/-/sharp-0.34.1.tgz 0ms (cache hit)
721 http cache @swc/helpers@https://registry.npmjs.org/@swc/helpers/-/helpers-0.5.15.tgz 0ms (cache hit)
722 http cache caniuse-lite@https://registry.npmjs.org/caniuse-lite/-/caniuse-lite-1.0.30001717.tgz 0ms (cache hit)
723 http cache @swc/counter@https://registry.npmjs.org/@swc/counter/-/counter-0.1.3.tgz 0ms (cache hit)
724 http cache lightningcss-linux-x64-gnu@https://registry.npmjs.org/lightningcss-linux-x64-gnu/-/lightningcss-linux-x64-gnu-1.29.2.tgz 0ms (cache hit)
725 http cache @next/env@https://registry.npmjs.org/@next/env/-/env-15.3.2.tgz 0ms (cache hit)
726 http cache tapable@https://registry.npmjs.org/tapable/-/tapable-2.2.1.tgz 0ms (cache hit)
727 http cache graceful-fs@https://registry.npmjs.org/graceful-fs/-/graceful-fs-4.2.11.tgz 0ms (cache hit)
728 http cache csstype@https://registry.npmjs.org/csstype/-/csstype-3.1.3.tgz 0ms (cache hit)
729 http cache undici-types@https://registry.npmjs.org/undici-types/-/undici-types-6.19.8.tgz 0ms (cache hit)
730 http cache tar@https://registry.npmjs.org/tar/-/tar-7.4.3.tgz 0ms (cache hit)
731 http cache @next/swc-linux-x64-gnu@https://registry.npmjs.org/@next/swc-linux-x64-gnu/-/swc-linux-x64-gnu-15.3.2.tgz 0ms (cache hit)
732 http cache detect-libc@https://registry.npmjs.org/detect-libc/-/detect-libc-2.0.4.tgz 0ms (cache hit)
733 http cache @tailwindcss/oxide-linux-x64-gnu@https://registry.npmjs.org/@tailwindcss/oxide-linux-x64-gnu/-/oxide-linux-x64-gnu-4.1.6.tgz 0ms (cache hit)
734 http cache @jridgewell/resolve-uri@https://registry.npmjs.org/@jridgewell/resolve-uri/-/resolve-uri-3.1.2.tgz 0ms (cache hit)
735 http cache @jridgewell/sourcemap-codec@https://registry.npmjs.org/@jridgewell/sourcemap-codec/-/sourcemap-codec-1.5.0.tgz 0ms (cache hit)
736 http cache @jridgewell/set-array@https://registry.npmjs.org/@jridgewell/set-array/-/set-array-1.2.1.tgz 0ms (cache hit)
737 http cache @jridgewell/trace-mapping@https://registry.npmjs.org/@jridgewell/trace-mapping/-/trace-mapping-0.3.25.tgz 0ms (cache hit)
738 http cache @jridgewell/gen-mapping@https://registry.npmjs.org/@jridgewell/gen-mapping/-/gen-mapping-0.3.8.tgz 0ms (cache hit)
739 http cache source-map-js@https://registry.npmjs.org/source-map-js/-/source-map-js-1.2.1.tgz 0ms (cache hit)
740 http cache magic-string@https://registry.npmjs.org/magic-string/-/magic-string-0.30.17.tgz 0ms (cache hit)
741 http cache lightningcss@https://registry.npmjs.org/lightningcss/-/lightningcss-1.29.2.tgz 0ms (cache hit)
742 http cache jiti@https://registry.npmjs.org/jiti/-/jiti-2.4.2.tgz 0ms (cache hit)
743 http cache enhanced-resolve@https://registry.npmjs.org/enhanced-resolve/-/enhanced-resolve-5.18.1.tgz 0ms (cache hit)
744 http cache @ampproject/remapping@https://registry.npmjs.org/@ampproject/remapping/-/remapping-2.3.0.tgz 0ms (cache hit)
745 http cache postcss@https://registry.npmjs.org/postcss/-/postcss-8.5.3.tgz 0ms (cache hit)
746 http cache @tailwindcss/oxide@https://registry.npmjs.org/@tailwindcss/oxide/-/oxide-4.1.6.tgz 0ms (cache hit)
747 http cache @tailwindcss/node@https://registry.npmjs.org/@tailwindcss/node/-/node-4.1.6.tgz 0ms (cache hit)
748 http cache @alloc/quick-lru@https://registry.npmjs.org/@alloc/quick-lru/-/quick-lru-5.2.0.tgz 0ms (cache hit)
749 http cache typescript@https://registry.npmjs.org/typescript/-/typescript-5.8.3.tgz 0ms (cache hit)
750 http cache react-dom@https://registry.npmjs.org/react-dom/-/react-dom-19.1.0.tgz 0ms (cache hit)
751 http cache next@https://registry.npmjs.org/next/-/next-15.3.2.tgz 0ms (cache hit)
752 http cache tailwindcss@https://registry.npmjs.org/tailwindcss/-/tailwindcss-4.1.6.tgz 1ms (cache hit)
753 http cache @types/react@https://registry.npmjs.org/@types/react/-/react-19.1.3.tgz 0ms (cache hit)
754 http cache @types/react-dom@https://registry.npmjs.org/@types/react-dom/-/react-dom-19.1.3.tgz 0ms (cache hit)
755 http cache @types/node@https://registry.npmjs.org/@types/node/-/node-20.17.46.tgz 0ms (cache hit)
756 http cache react@https://registry.npmjs.org/react/-/react-19.1.0.tgz 0ms (cache hit)
757 http cache @tailwindcss/postcss@https://registry.npmjs.org/@tailwindcss/postcss/-/postcss-4.1.6.tgz 0ms (cache hit)
758 http cache postcss@https://registry.npmjs.org/postcss/-/postcss-8.4.31.tgz 0ms (cache hit)
759 silly tarball no local data for yallist@https://registry.npmjs.org/yallist/-/yallist-5.0.0.tgz. Extracting by manifest.
760 silly tarball no local data for minipass@https://registry.npmjs.org/minipass/-/minipass-7.1.2.tgz. Extracting by manifest.
761 silly tarball no local data for @isaacs/fs-minipass@https://registry.npmjs.org/@isaacs/fs-minipass/-/fs-minipass-4.0.1.tgz. Extracting by manifest.
762 silly tarball no local data for mkdirp@https://registry.npmjs.org/mkdirp/-/mkdirp-3.0.1.tgz. Extracting by manifest.
763 silly tarball no local data for minizlib@https://registry.npmjs.org/minizlib/-/minizlib-3.0.2.tgz. Extracting by manifest.
764 silly tarball no local data for chownr@https://registry.npmjs.org/chownr/-/chownr-3.0.0.tgz. Extracting by manifest.
765 silly tarball no local data for is-arrayish@https://registry.npmjs.org/is-arrayish/-/is-arrayish-0.3.2.tgz. Extracting by manifest.
766 silly tarball no local data for color-name@https://registry.npmjs.org/color-name/-/color-name-1.1.4.tgz. Extracting by manifest.
767 silly tarball no local data for simple-swizzle@https://registry.npmjs.org/simple-swizzle/-/simple-swizzle-0.2.2.tgz. Extracting by manifest.
768 silly tarball no local data for color-convert@https://registry.npmjs.org/color-convert/-/color-convert-2.0.1.tgz. Extracting by manifest.
769 silly tarball no local data for @emnapi/runtime@https://registry.npmjs.org/@emnapi/runtime/-/runtime-1.4.3.tgz. Extracting by manifest.
770 silly tarball no local data for color-string@https://registry.npmjs.org/color-string/-/color-string-1.9.1.tgz. Extracting by manifest.
771 silly tarball no local data for client-only@https://registry.npmjs.org/client-only/-/client-only-0.0.1.tgz. Extracting by manifest.
772 silly tarball no local data for semver@https://registry.npmjs.org/semver/-/semver-7.7.1.tgz. Extracting by manifest.
773 silly tarball no local data for color@https://registry.npmjs.org/color/-/color-4.2.3.tgz. Extracting by manifest.
774 silly tarball no local data for @img/sharp-linux-x64@https://registry.npmjs.org/@img/sharp-linux-x64/-/sharp-linux-x64-0.34.1.tgz. Extracting by manifest.
775 silly tarball no local data for @img/sharp-libvips-linux-x64@https://registry.npmjs.org/@img/sharp-libvips-linux-x64/-/sharp-libvips-linux-x64-1.1.0.tgz. Extracting by manifest.
776 silly tarball no local data for scheduler@https://registry.npmjs.org/scheduler/-/scheduler-0.26.0.tgz. Extracting by manifest.
777 silly tarball no local data for tslib@https://registry.npmjs.org/tslib/-/tslib-2.8.1.tgz. Extracting by manifest.
778 silly tarball no local data for picocolors@https://registry.npmjs.org/picocolors/-/picocolors-1.1.1.tgz. Extracting by manifest.
779 silly tarball no local data for nanoid@https://registry.npmjs.org/nanoid/-/nanoid-3.3.11.tgz. Extracting by manifest.
780 silly tarball no local data for streamsearch@https://registry.npmjs.org/streamsearch/-/streamsearch-1.1.0.tgz. Extracting by manifest.
781 silly tarball no local data for styled-jsx@https://registry.npmjs.org/styled-jsx/-/styled-jsx-5.1.6.tgz. Extracting by manifest.
782 silly tarball no local data for busboy@https://registry.npmjs.org/busboy/-/busboy-1.6.0.tgz. Extracting by manifest.
783 silly tarball no local data for sharp@https://registry.npmjs.org/sharp/-/sharp-0.34.1.tgz. Extracting by manifest.
784 silly tarball no local data for @swc/helpers@https://registry.npmjs.org/@swc/helpers/-/helpers-0.5.15.tgz. Extracting by manifest.
785 silly tarball no local data for caniuse-lite@https://registry.npmjs.org/caniuse-lite/-/caniuse-lite-1.0.30001717.tgz. Extracting by manifest.
786 silly tarball no local data for @swc/counter@https://registry.npmjs.org/@swc/counter/-/counter-0.1.3.tgz. Extracting by manifest.
787 silly tarball no local data for lightningcss-linux-x64-gnu@https://registry.npmjs.org/lightningcss-linux-x64-gnu/-/lightningcss-linux-x64-gnu-1.29.2.tgz. Extracting by manifest.
788 silly tarball no local data for @next/env@https://registry.npmjs.org/@next/env/-/env-15.3.2.tgz. Extracting by manifest.
789 silly tarball no local data for tapable@https://registry.npmjs.org/tapable/-/tapable-2.2.1.tgz. Extracting by manifest.
790 silly tarball no local data for graceful-fs@https://registry.npmjs.org/graceful-fs/-/graceful-fs-4.2.11.tgz. Extracting by manifest.
791 silly tarball no local data for csstype@https://registry.npmjs.org/csstype/-/csstype-3.1.3.tgz. Extracting by manifest.
792 silly tarball no local data for undici-types@https://registry.npmjs.org/undici-types/-/undici-types-6.19.8.tgz. Extracting by manifest.
793 silly tarball no local data for tar@https://registry.npmjs.org/tar/-/tar-7.4.3.tgz. Extracting by manifest.
794 silly tarball no local data for @next/swc-linux-x64-gnu@https://registry.npmjs.org/@next/swc-linux-x64-gnu/-/swc-linux-x64-gnu-15.3.2.tgz. Extracting by manifest.
795 silly tarball no local data for detect-libc@https://registry.npmjs.org/detect-libc/-/detect-libc-2.0.4.tgz. Extracting by manifest.
796 silly tarball no local data for @tailwindcss/oxide-linux-x64-gnu@https://registry.npmjs.org/@tailwindcss/oxide-linux-x64-gnu/-/oxide-linux-x64-gnu-4.1.6.tgz. Extracting by manifest.
797 silly tarball no local data for @jridgewell/resolve-uri@https://registry.npmjs.org/@jridgewell/resolve-uri/-/resolve-uri-3.1.2.tgz. Extracting by manifest.
798 silly tarball no local data for @jridgewell/sourcemap-codec@https://registry.npmjs.org/@jridgewell/sourcemap-codec/-/sourcemap-codec-1.5.0.tgz. Extracting by manifest.
799 silly tarball no local data for @jridgewell/set-array@https://registry.npmjs.org/@jridgewell/set-array/-/set-array-1.2.1.tgz. Extracting by manifest.
800 silly tarball no local data for @jridgewell/trace-mapping@https://registry.npmjs.org/@jridgewell/trace-mapping/-/trace-mapping-0.3.25.tgz. Extracting by manifest.
801 silly tarball no local data for @jridgewell/gen-mapping@https://registry.npmjs.org/@jridgewell/gen-mapping/-/gen-mapping-0.3.8.tgz. Extracting by manifest.
802 silly tarball no local data for source-map-js@https://registry.npmjs.org/source-map-js/-/source-map-js-1.2.1.tgz. Extracting by manifest.
803 silly tarball no local data for magic-string@https://registry.npmjs.org/magic-string/-/magic-string-0.30.17.tgz. Extracting by manifest.
804 silly tarball no local data for lightningcss@https://registry.npmjs.org/lightningcss/-/lightningcss-1.29.2.tgz. Extracting by manifest.
805 silly tarball no local data for jiti@https://registry.npmjs.org/jiti/-/jiti-2.4.2.tgz. Extracting by manifest.
806 silly tarball no local data for enhanced-resolve@https://registry.npmjs.org/enhanced-resolve/-/enhanced-resolve-5.18.1.tgz. Extracting by manifest.
807 silly tarball no local data for @ampproject/remapping@https://registry.npmjs.org/@ampproject/remapping/-/remapping-2.3.0.tgz. Extracting by manifest.
808 silly tarball no local data for postcss@https://registry.npmjs.org/postcss/-/postcss-8.5.3.tgz. Extracting by manifest.
809 silly tarball no local data for @tailwindcss/oxide@https://registry.npmjs.org/@tailwindcss/oxide/-/oxide-4.1.6.tgz. Extracting by manifest.
810 silly tarball no local data for @tailwindcss/node@https://registry.npmjs.org/@tailwindcss/node/-/node-4.1.6.tgz. Extracting by manifest.
811 silly tarball no local data for @alloc/quick-lru@https://registry.npmjs.org/@alloc/quick-lru/-/quick-lru-5.2.0.tgz. Extracting by manifest.
812 silly tarball no local data for typescript@https://registry.npmjs.org/typescript/-/typescript-5.8.3.tgz. Extracting by manifest.
813 silly tarball no local data for react-dom@https://registry.npmjs.org/react-dom/-/react-dom-19.1.0.tgz. Extracting by manifest.
814 silly tarball no local data for next@https://registry.npmjs.org/next/-/next-15.3.2.tgz. Extracting by manifest.
815 silly tarball no local data for tailwindcss@https://registry.npmjs.org/tailwindcss/-/tailwindcss-4.1.6.tgz. Extracting by manifest.
816 silly tarball no local data for @types/react@https://registry.npmjs.org/@types/react/-/react-19.1.3.tgz. Extracting by manifest.
817 silly tarball no local data for @types/react-dom@https://registry.npmjs.org/@types/react-dom/-/react-dom-19.1.3.tgz. Extracting by manifest.
818 silly tarball no local data for @types/node@https://registry.npmjs.org/@types/node/-/node-20.17.46.tgz. Extracting by manifest.
819 silly tarball no local data for react@https://registry.npmjs.org/react/-/react-19.1.0.tgz. Extracting by manifest.
820 silly tarball no local data for @tailwindcss/postcss@https://registry.npmjs.org/@tailwindcss/postcss/-/postcss-4.1.6.tgz. Extracting by manifest.
821 silly tarball no local data for postcss@https://registry.npmjs.org/postcss/-/postcss-8.4.31.tgz. Extracting by manifest.
822 http fetch GET 200 https://registry.npmjs.org/color-name/-/color-name-1.1.4.tgz 126ms (cache miss)
823 http fetch GET 200 https://registry.npmjs.org/color-string/-/color-string-1.9.1.tgz 126ms (cache miss)
824 http fetch GET 200 https://registry.npmjs.org/color-convert/-/color-convert-2.0.1.tgz 132ms (cache miss)
825 http fetch GET 200 https://registry.npmjs.org/client-only/-/client-only-0.0.1.tgz 137ms (cache miss)
826 http fetch GET 200 https://registry.npmjs.org/color/-/color-4.2.3.tgz 186ms (cache miss)
827 http fetch POST 200 https://registry.npmjs.org/-/npm/v1/security/advisories/bulk 420ms
828 silly audit report {}
829 http fetch GET 200 https://registry.npmjs.org/simple-swizzle/-/simple-swizzle-0.2.2.tgz 487ms (cache miss)
830 http fetch GET 200 https://registry.npmjs.org/yallist/-/yallist-5.0.0.tgz 516ms (cache miss)
831 http fetch GET 200 https://registry.npmjs.org/picocolors/-/picocolors-1.1.1.tgz 719ms (cache miss)
832 http fetch GET 200 https://registry.npmjs.org/minizlib/-/minizlib-3.0.2.tgz 733ms (cache miss)
833 http fetch GET 200 https://registry.npmjs.org/@next/env/-/env-15.3.2.tgz 729ms (cache miss)
834 http fetch GET 200 https://registry.npmjs.org/@swc/counter/-/counter-0.1.3.tgz 801ms (cache miss)
835 http fetch GET 200 https://registry.npmjs.org/@alloc/quick-lru/-/quick-lru-5.2.0.tgz 797ms (cache miss)
836 http fetch GET 200 https://registry.npmjs.org/chownr/-/chownr-3.0.0.tgz 813ms (cache miss)
837 http fetch GET 200 https://registry.npmjs.org/streamsearch/-/streamsearch-1.1.0.tgz 810ms (cache miss)
838 http fetch GET 200 https://registry.npmjs.org/@jridgewell/resolve-uri/-/resolve-uri-3.1.2.tgz 807ms (cache miss)
839 http fetch GET 200 https://registry.npmjs.org/is-arrayish/-/is-arrayish-0.3.2.tgz 821ms (cache miss)
840 http fetch GET 200 https://registry.npmjs.org/@jridgewell/set-array/-/set-array-1.2.1.tgz 816ms (cache miss)
841 http fetch GET 200 https://registry.npmjs.org/@ampproject/remapping/-/remapping-2.3.0.tgz 815ms (cache miss)
842 http fetch GET 200 https://registry.npmjs.org/graceful-fs/-/graceful-fs-4.2.11.tgz 881ms (cache miss)
843 http fetch GET 200 https://registry.npmjs.org/@types/react-dom/-/react-dom-19.1.3.tgz 884ms (cache miss)
844 http fetch GET 200 https://registry.npmjs.org/@tailwindcss/oxide/-/oxide-4.1.6.tgz 890ms (cache miss)
845 http fetch GET 200 https://registry.npmjs.org/detect-libc/-/detect-libc-2.0.4.tgz 905ms (cache miss)
846 http fetch GET 200 https://registry.npmjs.org/tapable/-/tapable-2.2.1.tgz 911ms (cache miss)
847 http fetch GET 200 https://registry.npmjs.org/@tailwindcss/node/-/node-4.1.6.tgz 915ms (cache miss)
848 http fetch GET 200 https://registry.npmjs.org/@jridgewell/sourcemap-codec/-/sourcemap-codec-1.5.0.tgz 923ms (cache miss)
849 http fetch GET 200 https://registry.npmjs.org/minipass/-/minipass-7.1.2.tgz 1010ms (cache miss)
850 http fetch GET 200 https://registry.npmjs.org/scheduler/-/scheduler-0.26.0.tgz 1007ms (cache miss)
851 http fetch GET 200 https://registry.npmjs.org/tslib/-/tslib-2.8.1.tgz 1012ms (cache miss)
852 http fetch GET 200 https://registry.npmjs.org/@tailwindcss/postcss/-/postcss-4.1.6.tgz 1008ms (cache miss)
853 http fetch GET 200 https://registry.npmjs.org/nanoid/-/nanoid-3.3.11.tgz 1018ms (cache miss)
854 http fetch GET 200 https://registry.npmjs.org/source-map-js/-/source-map-js-1.2.1.tgz 1096ms (cache miss)
855 http fetch GET 200 https://registry.npmjs.org/@jridgewell/trace-mapping/-/trace-mapping-0.3.25.tgz 1181ms (cache miss)
856 http fetch GET 200 https://registry.npmjs.org/@jridgewell/gen-mapping/-/gen-mapping-0.3.8.tgz 1184ms (cache miss)
857 http fetch GET 200 https://registry.npmjs.org/@isaacs/fs-minipass/-/fs-minipass-4.0.1.tgz 1201ms (cache miss)
858 http fetch GET 200 https://registry.npmjs.org/mkdirp/-/mkdirp-3.0.1.tgz 1217ms (cache miss)
859 http fetch GET 200 https://registry.npmjs.org/react/-/react-19.1.0.tgz 1206ms (cache miss)
860 http fetch GET 200 https://registry.npmjs.org/undici-types/-/undici-types-6.19.8.tgz 1281ms (cache miss)
861 http fetch GET 200 https://registry.npmjs.org/busboy/-/busboy-1.6.0.tgz 1300ms (cache miss)
862 http fetch GET 200 https://registry.npmjs.org/@emnapi/runtime/-/runtime-1.4.3.tgz 1410ms (cache miss)
863 http fetch GET 200 https://registry.npmjs.org/@img/sharp-linux-x64/-/sharp-linux-x64-0.34.1.tgz 1486ms (cache miss)
864 http fetch GET 200 https://registry.npmjs.org/lightningcss/-/lightningcss-1.29.2.tgz 1487ms (cache miss)
865 http fetch GET 200 https://registry.npmjs.org/magic-string/-/magic-string-0.30.17.tgz 1489ms (cache miss)
866 http fetch GET 200 https://registry.npmjs.org/enhanced-resolve/-/enhanced-resolve-5.18.1.tgz 1490ms (cache miss)
867 http fetch GET 200 https://registry.npmjs.org/semver/-/semver-7.7.1.tgz 1500ms (cache miss)
868 http fetch GET 200 https://registry.npmjs.org/postcss/-/postcss-8.5.3.tgz 1493ms (cache miss)
869 http fetch GET 200 https://registry.npmjs.org/postcss/-/postcss-8.4.31.tgz 1494ms (cache miss)
870 http fetch GET 200 https://registry.npmjs.org/tailwindcss/-/tailwindcss-4.1.6.tgz 1499ms (cache miss)
871 http fetch GET 200 https://registry.npmjs.org/sharp/-/sharp-0.34.1.tgz 1600ms (cache miss)
872 http fetch GET 200 https://registry.npmjs.org/csstype/-/csstype-3.1.3.tgz 1610ms (cache miss)
873 http fetch GET 200 https://registry.npmjs.org/@types/react/-/react-19.1.3.tgz 1605ms (cache miss)
874 http fetch GET 200 https://registry.npmjs.org/styled-jsx/-/styled-jsx-5.1.6.tgz 1613ms (cache miss)
875 http fetch GET 200 https://registry.npmjs.org/jiti/-/jiti-2.4.2.tgz 1705ms (cache miss)
876 http fetch GET 200 https://registry.npmjs.org/@types/node/-/node-20.17.46.tgz 1988ms (cache miss)
877 http fetch GET 200 https://registry.npmjs.org/@tailwindcss/oxide-linux-x64-gnu/-/oxide-linux-x64-gnu-4.1.6.tgz 2087ms (cache miss)
878 http fetch GET 200 https://registry.npmjs.org/tar/-/tar-7.4.3.tgz 2203ms (cache miss)
879 http fetch GET 200 https://registry.npmjs.org/react-dom/-/react-dom-19.1.0.tgz 2389ms (cache miss)
880 http fetch GET 200 https://registry.npmjs.org/lightningcss-linux-x64-gnu/-/lightningcss-linux-x64-gnu-1.29.2.tgz 2686ms (cache miss)
881 http fetch GET 200 https://registry.npmjs.org/@swc/helpers/-/helpers-0.5.15.tgz 2787ms (cache miss)
882 http fetch GET 200 https://registry.npmjs.org/caniuse-lite/-/caniuse-lite-1.0.30001717.tgz 3194ms (cache miss)
883 http fetch GET 200 https://registry.npmjs.org/@img/sharp-libvips-linux-x64/-/sharp-libvips-linux-x64-1.1.0.tgz 3293ms (cache miss)
884 http fetch GET 200 https://registry.npmjs.org/typescript/-/typescript-5.8.3.tgz 3599ms (cache miss)
885 http fetch GET 200 https://registry.npmjs.org/@next/swc-linux-x64-gnu/-/swc-linux-x64-gnu-15.3.2.tgz 7038ms (cache miss)
886 http fetch GET 200 https://registry.npmjs.org/next/-/next-15.3.2.tgz 9237ms (cache miss)
887 info run sharp@0.34.1 install node_modules/sharp node install/check
888 info run sharp@0.34.1 install { code: 0, signal: null }
889 info run @tailwindcss/oxide@4.1.6 postinstall node_modules/@tailwindcss/oxide node ./scripts/install.js
890 info run @tailwindcss/oxide@4.1.6 postinstall { code: 0, signal: null }
891 silly ADD node_modules/yallist
892 silly ADD node_modules/mkdirp
893 silly ADD node_modules/minizlib
894 silly ADD node_modules/minipass
895 silly ADD node_modules/chownr
896 silly ADD node_modules/@isaacs/fs-minipass
897 silly ADD node_modules/client-only
898 silly ADD node_modules/is-arrayish
899 silly ADD node_modules/simple-swizzle
900 silly ADD node_modules/color-name
901 silly ADD node_modules/color-string
902 silly ADD node_modules/color-convert
903 silly ADD node_modules/@emnapi/runtime
904 silly ADD node_modules/semver
905 silly ADD node_modules/color
906 silly ADD
907 silly ADD
908 silly ADD
909 silly ADD
910 silly ADD
911 silly ADD node_modules/@img/sharp-linux-x64
912 silly ADD
913 silly ADD
914 silly ADD
915 silly ADD
916 silly ADD
917 silly ADD node_modules/@img/sharp-libvips-linux-x64
918 silly ADD
919 silly ADD
920 silly ADD
921 silly ADD
922 silly ADD
923 silly ADD
924 silly ADD
925 silly ADD
926 silly ADD node_modules/scheduler
927 silly ADD node_modules/picocolors
928 silly ADD node_modules/nanoid
929 silly ADD node_modules/streamsearch
930 silly ADD node_modules/tslib
931 silly ADD node_modules/styled-jsx
932 silly ADD node_modules/sharp
933 silly ADD node_modules/caniuse-lite
934 silly ADD node_modules/busboy
935 silly ADD node_modules/@swc/helpers
936 silly ADD node_modules/@swc/counter
937 silly ADD
938 silly ADD
939 silly ADD
940 silly ADD node_modules/@next/swc-linux-x64-gnu
941 silly ADD
942 silly ADD
943 silly ADD
944 silly ADD
945 silly ADD node_modules/@next/env
946 silly ADD
947 silly ADD
948 silly ADD
949 silly ADD node_modules/lightningcss-linux-x64-gnu
950 silly ADD
951 silly ADD
952 silly ADD
953 silly ADD
954 silly ADD
955 silly ADD
956 silly ADD node_modules/tapable
957 silly ADD node_modules/graceful-fs
958 silly ADD node_modules/csstype
959 silly ADD node_modules/undici-types
960 silly ADD node_modules/tar
961 silly ADD node_modules/detect-libc
962 silly ADD
963 silly ADD
964 silly ADD
965 silly ADD
966 silly ADD node_modules/@tailwindcss/oxide-linux-x64-gnu
967 silly ADD
968 silly ADD
969 silly ADD
970 silly ADD
971 silly ADD
972 silly ADD
973 silly ADD
974 silly ADD node_modules/@jridgewell/resolve-uri
975 silly ADD node_modules/@jridgewell/sourcemap-codec
976 silly ADD node_modules/@jridgewell/set-array
977 silly ADD node_modules/@jridgewell/trace-mapping
978 silly ADD node_modules/@jridgewell/gen-mapping
979 silly ADD node_modules/source-map-js
980 silly ADD node_modules/magic-string
981 silly ADD node_modules/lightningcss
982 silly ADD node_modules/jiti
983 silly ADD node_modules/enhanced-resolve
984 silly ADD node_modules/@ampproject/remapping
985 silly ADD node_modules/postcss
986 silly ADD node_modules/@tailwindcss/oxide
987 silly ADD node_modules/@tailwindcss/node
988 silly ADD node_modules/@alloc/quick-lru
989 silly ADD node_modules/typescript
990 silly ADD node_modules/tailwindcss
991 silly ADD node_modules/react-dom
992 silly ADD node_modules/react
993 silly ADD node_modules/next
994 silly ADD node_modules/next/node_modules/postcss
995 silly ADD node_modules/@types/react-dom
996 silly ADD node_modules/@types/react
997 silly ADD node_modules/@types/node
998 silly ADD node_modules/@tailwindcss/postcss
999 verbose cwd /app/workspace/todo-app
1000 verbose os Linux 6.8.0-1021-aws
1001 verbose node v22.15.0
1002 verbose npm  v10.9.2
1003 verbose exit 0
1004 info ok
